0:0:0:0:0:0:0:1 - - [06/Dec/2017:09:15:48 +0800] "GET /css/app_1.min.css HTTP/1.1" 200 145010
0:0:0:0:0:0:0:1 - - [06/Dec/2017:09:15:48 +0800] "GET / HTTP/1.1" 200 2505
0:0:0:0:0:0:0:1 - - [06/Dec/2017:09:15:48 +0800] "GET /vendors/malihu-custom-scrollbar-plugin/jquery.mCustomScrollbar.min.css HTTP/1.1" 404 185
0:0:0:0:0:0:0:1 - - [06/Dec/2017:09:15:48 +0800] "GET /vendors/jquery/dist/jquery.min.js HTTP/1.1" 404 148
0:0:0:0:0:0:0:1 - - [06/Dec/2017:09:15:48 +0800] "GET /js/app.min.js HTTP/1.1" 200 2905
0:0:0:0:0:0:0:1 - - [06/Dec/2017:09:15:48 +0800] "GET /vendors/Waves/dist/waves.min.css HTTP/1.1" 404 147
0:0:0:0:0:0:0:1 - - [06/Dec/2017:09:15:48 +0800] "GET /vendors/material-design-iconic-font/dist/css/material-design-iconic-font.min.css HTTP/1.1" 404 195
0:0:0:0:0:0:0:1 - - [06/Dec/2017:09:15:48 +0800] "GET /vendors/bootstrap/dist/js/bootstrap.min.js HTTP/1.1" 404 157
0:0:0:0:0:0:0:1 - - [06/Dec/2017:09:15:48 +0800] "GET /vendors/Waves/dist/waves.min.js HTTP/1.1" 404 146
0:0:0:0:0:0:0:1 - - [06/Dec/2017:09:15:48 +0800] "GET /vendors/Waves/dist/waves.min.js HTTP/1.1" 404 146
0:0:0:0:0:0:0:1 - - [06/Dec/2017:09:15:48 +0800] "GET /vendors/malihu-custom-scrollbar-plugin/jquery.mCustomScrollbar.concat.min.js HTTP/1.1" 404 191
0:0:0:0:0:0:0:1 - - [06/Dec/2017:09:15:48 +0800] "GET /fonts/roboto/Roboto-Regular-webfont.woff HTTP/1.1" 404 155
0:0:0:0:0:0:0:1 - - [06/Dec/2017:09:15:48 +0800] "GET /fonts/roboto/Roboto-Regular-webfont.ttf HTTP/1.1" 404 154
0:0:0:0:0:0:0:1 - - [06/Dec/2017:09:15:48 +0800] "GET /favicon.ico HTTP/1.1" 200 946
0:0:0:0:0:0:0:1 - - [06/Dec/2017:09:18:30 +0800] "GET / HTTP/1.1" 200 2505
0:0:0:0:0:0:0:1 - - [06/Dec/2017:09:18:30 +0800] "GET /vendors/Waves/dist/waves.min.js HTTP/1.1" 404 146
0:0:0:0:0:0:0:1 - - [06/Dec/2017:09:18:30 +0800] "GET /vendors/material-design-iconic-font/dist/css/material-design-iconic-font.min.css HTTP/1.1" 404 195
0:0:0:0:0:0:0:1 - - [06/Dec/2017:09:18:30 +0800] "GET /vendors/Waves/dist/waves.min.css HTTP/1.1" 404 147
0:0:0:0:0:0:0:1 - - [06/Dec/2017:09:18:30 +0800] "GET /css/app_1.min.css HTTP/1.1" 200 145010
0:0:0:0:0:0:0:1 - - [06/Dec/2017:09:18:30 +0800] "GET /vendors/bootstrap/dist/js/bootstrap.min.js HTTP/1.1" 404 157
0:0:0:0:0:0:0:1 - - [06/Dec/2017:09:18:30 +0800] "GET /js/app.min.js HTTP/1.1" 200 2905
0:0:0:0:0:0:0:1 - - [06/Dec/2017:09:18:30 +0800] "GET /vendors/malihu-custom-scrollbar-plugin/jquery.mCustomScrollbar.concat.min.js HTTP/1.1" 404 191
0:0:0:0:0:0:0:1 - - [06/Dec/2017:09:18:30 +0800] "GET /vendors/malihu-custom-scrollbar-plugin/jquery.mCustomScrollbar.min.css HTTP/1.1" 404 185
0:0:0:0:0:0:0:1 - - [06/Dec/2017:09:18:30 +0800] "GET /vendors/jquery/dist/jquery.min.js HTTP/1.1" 404 148
0:0:0:0:0:0:0:1 - - [06/Dec/2017:09:18:30 +0800] "GET /fonts/roboto/Roboto-Regular-webfont.woff HTTP/1.1" 404 155
0:0:0:0:0:0:0:1 - - [06/Dec/2017:09:18:30 +0800] "GET /fonts/roboto/Roboto-Regular-webfont.ttf HTTP/1.1" 404 154
0:0:0:0:0:0:0:1 - - [06/Dec/2017:09:19:19 +0800] "GET / HTTP/1.1" 200 2504
0:0:0:0:0:0:0:1 - - [06/Dec/2017:09:19:19 +0800] "GET /vendors/Waves/dist/waves.min.css HTTP/1.1" 404 147
0:0:0:0:0:0:0:1 - - [06/Dec/2017:09:19:19 +0800] "GET /vendors/malihu-custom-scrollbar-plugin/jquery.mCustomScrollbar.min.css HTTP/1.1" 404 185
0:0:0:0:0:0:0:1 - - [06/Dec/2017:09:19:19 +0800] "GET /vendors/bootstrap/dist/js/bootstrap.min.js HTTP/1.1" 404 157
0:0:0:0:0:0:0:1 - - [06/Dec/2017:09:19:19 +0800] "GET /vendors/material-design-iconic-font/dist/css/material-design-iconic-font.min.css HTTP/1.1" 404 195
0:0:0:0:0:0:0:1 - - [06/Dec/2017:09:19:19 +0800] "GET /vendors/jquery/dist/jquery.min.js HTTP/1.1" 404 148
0:0:0:0:0:0:0:1 - - [06/Dec/2017:09:19:19 +0800] "GET /vendors/malihu-custom-scrollbar-plugin/jquery.mCustomScrollbar.concat.min.js HTTP/1.1" 404 191
0:0:0:0:0:0:0:1 - - [06/Dec/2017:09:19:19 +0800] "GET /vendors/Waves/dist/waves.min.js HTTP/1.1" 404 146
0:0:0:0:0:0:0:1 - - [06/Dec/2017:09:19:19 +0800] "GET /js/app.min.js HTTP/1.1" 304 -
0:0:0:0:0:0:0:1 - - [06/Dec/2017:09:19:19 +0800] "GET /css/app_1.min.css HTTP/1.1" 304 -
0:0:0:0:0:0:0:1 - - [06/Dec/2017:09:19:19 +0800] "GET /fonts/roboto/Roboto-Regular-webfont.woff HTTP/1.1" 404 155
0:0:0:0:0:0:0:1 - - [06/Dec/2017:09:19:19 +0800] "GET /fonts/roboto/Roboto-Regular-webfont.ttf HTTP/1.1" 404 154
0:0:0:0:0:0:0:1 - - [06/Dec/2017:09:19:21 +0800] "GET / HTTP/1.1" 200 2504
0:0:0:0:0:0:0:1 - - [06/Dec/2017:09:19:21 +0800] "GET /vendors/Waves/dist/waves.min.css HTTP/1.1" 404 147
0:0:0:0:0:0:0:1 - - [06/Dec/2017:09:19:21 +0800] "GET /vendors/material-design-iconic-font/dist/css/material-design-iconic-font.min.css HTTP/1.1" 404 195
0:0:0:0:0:0:0:1 - - [06/Dec/2017:09:19:21 +0800] "GET /vendors/jquery/dist/jquery.min.js HTTP/1.1" 404 148
0:0:0:0:0:0:0:1 - - [06/Dec/2017:09:19:21 +0800] "GET /vendors/Waves/dist/waves.min.js HTTP/1.1" 404 146
0:0:0:0:0:0:0:1 - - [06/Dec/2017:09:19:21 +0800] "GET /css/app_1.min.css HTTP/1.1" 304 -
0:0:0:0:0:0:0:1 - - [06/Dec/2017:09:19:21 +0800] "GET /js/app.min.js HTTP/1.1" 304 -
0:0:0:0:0:0:0:1 - - [06/Dec/2017:09:19:21 +0800] "GET /vendors/malihu-custom-scrollbar-plugin/jquery.mCustomScrollbar.concat.min.js HTTP/1.1" 404 191
0:0:0:0:0:0:0:1 - - [06/Dec/2017:09:19:21 +0800] "GET /vendors/bootstrap/dist/js/bootstrap.min.js HTTP/1.1" 404 157
0:0:0:0:0:0:0:1 - - [06/Dec/2017:09:19:21 +0800] "GET /vendors/malihu-custom-scrollbar-plugin/jquery.mCustomScrollbar.min.css HTTP/1.1" 404 185
0:0:0:0:0:0:0:1 - - [06/Dec/2017:09:19:21 +0800] "GET /fonts/roboto/Roboto-Regular-webfont.woff HTTP/1.1" 404 155
0:0:0:0:0:0:0:1 - - [06/Dec/2017:09:19:21 +0800] "GET /fonts/roboto/Roboto-Regular-webfont.ttf HTTP/1.1" 404 154
0:0:0:0:0:0:0:1 - - [06/Dec/2017:09:19:21 +0800] "GET / HTTP/1.1" 200 2504
0:0:0:0:0:0:0:1 - - [06/Dec/2017:09:19:22 +0800] "GET /vendors/material-design-iconic-font/dist/css/material-design-iconic-font.min.css HTTP/1.1" 404 195
0:0:0:0:0:0:0:1 - - [06/Dec/2017:09:19:22 +0800] "GET /vendors/Waves/dist/waves.min.css HTTP/1.1" 404 147
0:0:0:0:0:0:0:1 - - [06/Dec/2017:09:19:22 +0800] "GET /vendors/malihu-custom-scrollbar-plugin/jquery.mCustomScrollbar.min.css HTTP/1.1" 404 185
0:0:0:0:0:0:0:1 - - [06/Dec/2017:09:19:22 +0800] "GET /css/app_1.min.css HTTP/1.1" 304 -
0:0:0:0:0:0:0:1 - - [06/Dec/2017:09:19:22 +0800] "GET /vendors/jquery/dist/jquery.min.js HTTP/1.1" 404 148
0:0:0:0:0:0:0:1 - - [06/Dec/2017:09:19:22 +0800] "GET /vendors/bootstrap/dist/js/bootstrap.min.js HTTP/1.1" 404 157
0:0:0:0:0:0:0:1 - - [06/Dec/2017:09:19:22 +0800] "GET /vendors/Waves/dist/waves.min.js HTTP/1.1" 404 146
0:0:0:0:0:0:0:1 - - [06/Dec/2017:09:19:22 +0800] "GET /vendors/malihu-custom-scrollbar-plugin/jquery.mCustomScrollbar.concat.min.js HTTP/1.1" 404 191
0:0:0:0:0:0:0:1 - - [06/Dec/2017:09:19:22 +0800] "GET /js/app.min.js HTTP/1.1" 304 -
0:0:0:0:0:0:0:1 - - [06/Dec/2017:09:19:22 +0800] "GET /fonts/roboto/Roboto-Regular-webfont.woff HTTP/1.1" 404 155
0:0:0:0:0:0:0:1 - - [06/Dec/2017:09:19:22 +0800] "GET /fonts/roboto/Roboto-Regular-webfont.ttf HTTP/1.1" 404 154
0:0:0:0:0:0:0:1 - - [06/Dec/2017:09:19:22 +0800] "GET / HTTP/1.1" 200 2504
0:0:0:0:0:0:0:1 - - [06/Dec/2017:09:19:22 +0800] "GET /vendors/Waves/dist/waves.min.css HTTP/1.1" 404 147
0:0:0:0:0:0:0:1 - - [06/Dec/2017:09:19:22 +0800] "GET /vendors/material-design-iconic-font/dist/css/material-design-iconic-font.min.css HTTP/1.1" 404 195
0:0:0:0:0:0:0:1 - - [06/Dec/2017:09:19:22 +0800] "GET /css/app_1.min.css HTTP/1.1" 304 -
0:0:0:0:0:0:0:1 - - [06/Dec/2017:09:19:22 +0800] "GET /vendors/malihu-custom-scrollbar-plugin/jquery.mCustomScrollbar.min.css HTTP/1.1" 404 185
0:0:0:0:0:0:0:1 - - [06/Dec/2017:09:19:22 +0800] "GET /vendors/jquery/dist/jquery.min.js HTTP/1.1" 404 148
0:0:0:0:0:0:0:1 - - [06/Dec/2017:09:19:22 +0800] "GET /vendors/bootstrap/dist/js/bootstrap.min.js HTTP/1.1" 404 157
0:0:0:0:0:0:0:1 - - [06/Dec/2017:09:19:22 +0800] "GET /vendors/Waves/dist/waves.min.js HTTP/1.1" 404 146
0:0:0:0:0:0:0:1 - - [06/Dec/2017:09:19:22 +0800] "GET /vendors/malihu-custom-scrollbar-plugin/jquery.mCustomScrollbar.concat.min.js HTTP/1.1" 404 191
0:0:0:0:0:0:0:1 - - [06/Dec/2017:09:19:22 +0800] "GET /js/app.min.js HTTP/1.1" 304 -
0:0:0:0:0:0:0:1 - - [06/Dec/2017:09:19:22 +0800] "GET /fonts/roboto/Roboto-Regular-webfont.woff HTTP/1.1" 404 155
0:0:0:0:0:0:0:1 - - [06/Dec/2017:09:19:22 +0800] "GET /fonts/roboto/Roboto-Regular-webfont.ttf HTTP/1.1" 404 154
0:0:0:0:0:0:0:1 - - [06/Dec/2017:09:19:22 +0800] "GET / HTTP/1.1" 200 2504
0:0:0:0:0:0:0:1 - - [06/Dec/2017:09:19:22 +0800] "GET /vendors/material-design-iconic-font/dist/css/material-design-iconic-font.min.css HTTP/1.1" 404 195
0:0:0:0:0:0:0:1 - - [06/Dec/2017:09:19:22 +0800] "GET /vendors/malihu-custom-scrollbar-plugin/jquery.mCustomScrollbar.min.css HTTP/1.1" 404 185
0:0:0:0:0:0:0:1 - - [06/Dec/2017:09:19:22 +0800] "GET /vendors/Waves/dist/waves.min.css HTTP/1.1" 404 147
0:0:0:0:0:0:0:1 - - [06/Dec/2017:09:19:22 +0800] "GET /css/app_1.min.css HTTP/1.1" 304 -
0:0:0:0:0:0:0:1 - - [06/Dec/2017:09:19:22 +0800] "GET /vendors/malihu-custom-scrollbar-plugin/jquery.mCustomScrollbar.concat.min.js HTTP/1.1" 404 191
0:0:0:0:0:0:0:1 - - [06/Dec/2017:09:19:22 +0800] "GET /vendors/Waves/dist/waves.min.js HTTP/1.1" 404 146
0:0:0:0:0:0:0:1 - - [06/Dec/2017:09:19:22 +0800] "GET /js/app.min.js HTTP/1.1" 304 -
0:0:0:0:0:0:0:1 - - [06/Dec/2017:09:19:22 +0800] "GET /vendors/jquery/dist/jquery.min.js HTTP/1.1" 404 148
0:0:0:0:0:0:0:1 - - [06/Dec/2017:09:19:22 +0800] "GET /vendors/bootstrap/dist/js/bootstrap.min.js HTTP/1.1" 404 157
0:0:0:0:0:0:0:1 - - [06/Dec/2017:09:19:22 +0800] "GET /fonts/roboto/Roboto-Regular-webfont.woff HTTP/1.1" 404 155
0:0:0:0:0:0:0:1 - - [06/Dec/2017:09:19:22 +0800] "GET /fonts/roboto/Roboto-Regular-webfont.ttf HTTP/1.1" 404 154
0:0:0:0:0:0:0:1 - - [06/Dec/2017:09:19:22 +0800] "GET / HTTP/1.1" 200 2504
0:0:0:0:0:0:0:1 - - [06/Dec/2017:09:19:22 +0800] "GET /vendors/Waves/dist/waves.min.css HTTP/1.1" 404 147
0:0:0:0:0:0:0:1 - - [06/Dec/2017:09:19:22 +0800] "GET /vendors/malihu-custom-scrollbar-plugin/jquery.mCustomScrollbar.min.css HTTP/1.1" 404 185
0:0:0:0:0:0:0:1 - - [06/Dec/2017:09:19:22 +0800] "GET /vendors/material-design-iconic-font/dist/css/material-design-iconic-font.min.css HTTP/1.1" 404 195
0:0:0:0:0:0:0:1 - - [06/Dec/2017:09:19:22 +0800] "GET /vendors/jquery/dist/jquery.min.js HTTP/1.1" 404 148
0:0:0:0:0:0:0:1 - - [06/Dec/2017:09:19:22 +0800] "GET /css/app_1.min.css HTTP/1.1" 304 -
0:0:0:0:0:0:0:1 - - [06/Dec/2017:09:19:22 +0800] "GET /vendors/Waves/dist/waves.min.js HTTP/1.1" 404 146
0:0:0:0:0:0:0:1 - - [06/Dec/2017:09:19:22 +0800] "GET /js/app.min.js HTTP/1.1" 304 -
0:0:0:0:0:0:0:1 - - [06/Dec/2017:09:19:22 +0800] "GET /vendors/bootstrap/dist/js/bootstrap.min.js HTTP/1.1" 404 157
0:0:0:0:0:0:0:1 - - [06/Dec/2017:09:19:22 +0800] "GET /vendors/malihu-custom-scrollbar-plugin/jquery.mCustomScrollbar.concat.min.js HTTP/1.1" 404 191
0:0:0:0:0:0:0:1 - - [06/Dec/2017:09:19:22 +0800] "GET /fonts/roboto/Roboto-Regular-webfont.woff HTTP/1.1" 404 155
0:0:0:0:0:0:0:1 - - [06/Dec/2017:09:19:22 +0800] "GET /fonts/roboto/Roboto-Regular-webfont.ttf HTTP/1.1" 404 154
0:0:0:0:0:0:0:1 - - [06/Dec/2017:09:19:22 +0800] "GET / HTTP/1.1" 200 2504
0:0:0:0:0:0:0:1 - - [06/Dec/2017:09:19:22 +0800] "GET /vendors/Waves/dist/waves.min.css HTTP/1.1" 404 147
0:0:0:0:0:0:0:1 - - [06/Dec/2017:09:19:22 +0800] "GET /vendors/material-design-iconic-font/dist/css/material-design-iconic-font.min.css HTTP/1.1" 404 195
0:0:0:0:0:0:0:1 - - [06/Dec/2017:09:19:22 +0800] "GET /css/app_1.min.css HTTP/1.1" 304 -
0:0:0:0:0:0:0:1 - - [06/Dec/2017:09:19:22 +0800] "GET /vendors/jquery/dist/jquery.min.js HTTP/1.1" 404 148
0:0:0:0:0:0:0:1 - - [06/Dec/2017:09:19:22 +0800] "GET /vendors/malihu-custom-scrollbar-plugin/jquery.mCustomScrollbar.min.css HTTP/1.1" 404 185
0:0:0:0:0:0:0:1 - - [06/Dec/2017:09:19:22 +0800] "GET /js/app.min.js HTTP/1.1" 304 -
0:0:0:0:0:0:0:1 - - [06/Dec/2017:09:19:22 +0800] "GET /vendors/Waves/dist/waves.min.js HTTP/1.1" 404 146
0:0:0:0:0:0:0:1 - - [06/Dec/2017:09:19:22 +0800] "GET /vendors/malihu-custom-scrollbar-plugin/jquery.mCustomScrollbar.concat.min.js HTTP/1.1" 404 191
0:0:0:0:0:0:0:1 - - [06/Dec/2017:09:19:22 +0800] "GET /vendors/bootstrap/dist/js/bootstrap.min.js HTTP/1.1" 404 157
0:0:0:0:0:0:0:1 - - [06/Dec/2017:09:19:22 +0800] "GET /fonts/roboto/Roboto-Regular-webfont.woff HTTP/1.1" 404 155
0:0:0:0:0:0:0:1 - - [06/Dec/2017:09:19:22 +0800] "GET /fonts/roboto/Roboto-Regular-webfont.ttf HTTP/1.1" 404 154
0:0:0:0:0:0:0:1 - - [06/Dec/2017:09:19:23 +0800] "GET / HTTP/1.1" 200 2504
0:0:0:0:0:0:0:1 - - [06/Dec/2017:09:19:23 +0800] "GET /vendors/malihu-custom-scrollbar-plugin/jquery.mCustomScrollbar.min.css HTTP/1.1" 404 185
0:0:0:0:0:0:0:1 - - [06/Dec/2017:09:19:23 +0800] "GET /vendors/material-design-iconic-font/dist/css/material-design-iconic-font.min.css HTTP/1.1" 404 195
0:0:0:0:0:0:0:1 - - [06/Dec/2017:09:19:23 +0800] "GET /css/app_1.min.css HTTP/1.1" 304 -
0:0:0:0:0:0:0:1 - - [06/Dec/2017:09:19:23 +0800] "GET /vendors/malihu-custom-scrollbar-plugin/jquery.mCustomScrollbar.concat.min.js HTTP/1.1" 404 191
0:0:0:0:0:0:0:1 - - [06/Dec/2017:09:19:23 +0800] "GET /js/app.min.js HTTP/1.1" 304 -
0:0:0:0:0:0:0:1 - - [06/Dec/2017:09:19:23 +0800] "GET /vendors/bootstrap/dist/js/bootstrap.min.js HTTP/1.1" 404 157
0:0:0:0:0:0:0:1 - - [06/Dec/2017:09:19:23 +0800] "GET /vendors/jquery/dist/jquery.min.js HTTP/1.1" 404 148
0:0:0:0:0:0:0:1 - - [06/Dec/2017:09:19:23 +0800] "GET /vendors/Waves/dist/waves.min.js HTTP/1.1" 404 146
0:0:0:0:0:0:0:1 - - [06/Dec/2017:09:19:23 +0800] "GET /vendors/Waves/dist/waves.min.css HTTP/1.1" 404 147
0:0:0:0:0:0:0:1 - - [06/Dec/2017:09:19:23 +0800] "GET /fonts/roboto/Roboto-Regular-webfont.woff HTTP/1.1" 404 155
0:0:0:0:0:0:0:1 - - [06/Dec/2017:09:19:23 +0800] "GET /fonts/roboto/Roboto-Regular-webfont.ttf HTTP/1.1" 404 154
0:0:0:0:0:0:0:1 - - [06/Dec/2017:09:19:23 +0800] "GET / HTTP/1.1" 200 2504
0:0:0:0:0:0:0:1 - - [06/Dec/2017:09:19:23 +0800] "GET /vendors/material-design-iconic-font/dist/css/material-design-iconic-font.min.css HTTP/1.1" 404 195
0:0:0:0:0:0:0:1 - - [06/Dec/2017:09:19:23 +0800] "GET /vendors/Waves/dist/waves.min.css HTTP/1.1" 404 147
0:0:0:0:0:0:0:1 - - [06/Dec/2017:09:19:23 +0800] "GET /vendors/malihu-custom-scrollbar-plugin/jquery.mCustomScrollbar.min.css HTTP/1.1" 404 185
0:0:0:0:0:0:0:1 - - [06/Dec/2017:09:19:23 +0800] "GET /css/app_1.min.css HTTP/1.1" 304 -
0:0:0:0:0:0:0:1 - - [06/Dec/2017:09:19:23 +0800] "GET /js/app.min.js HTTP/1.1" 304 -
0:0:0:0:0:0:0:1 - - [06/Dec/2017:09:19:23 +0800] "GET /vendors/bootstrap/dist/js/bootstrap.min.js HTTP/1.1" 404 157
0:0:0:0:0:0:0:1 - - [06/Dec/2017:09:19:23 +0800] "GET /vendors/Waves/dist/waves.min.js HTTP/1.1" 404 146
0:0:0:0:0:0:0:1 - - [06/Dec/2017:09:19:23 +0800] "GET /vendors/jquery/dist/jquery.min.js HTTP/1.1" 404 148
0:0:0:0:0:0:0:1 - - [06/Dec/2017:09:19:23 +0800] "GET /vendors/malihu-custom-scrollbar-plugin/jquery.mCustomScrollbar.concat.min.js HTTP/1.1" 404 191
0:0:0:0:0:0:0:1 - - [06/Dec/2017:09:19:23 +0800] "GET /fonts/roboto/Roboto-Regular-webfont.woff HTTP/1.1" 404 155
0:0:0:0:0:0:0:1 - - [06/Dec/2017:09:19:23 +0800] "GET /fonts/roboto/Roboto-Regular-webfont.ttf HTTP/1.1" 404 154
0:0:0:0:0:0:0:1 - - [06/Dec/2017:09:19:23 +0800] "GET / HTTP/1.1" 200 2504
0:0:0:0:0:0:0:1 - - [06/Dec/2017:09:19:23 +0800] "GET /vendors/malihu-custom-scrollbar-plugin/jquery.mCustomScrollbar.min.css HTTP/1.1" 404 185
0:0:0:0:0:0:0:1 - - [06/Dec/2017:09:19:23 +0800] "GET /vendors/Waves/dist/waves.min.css HTTP/1.1" 404 147
0:0:0:0:0:0:0:1 - - [06/Dec/2017:09:19:23 +0800] "GET /css/app_1.min.css HTTP/1.1" 304 -
0:0:0:0:0:0:0:1 - - [06/Dec/2017:09:19:23 +0800] "GET /vendors/material-design-iconic-font/dist/css/material-design-iconic-font.min.css HTTP/1.1" 404 195
0:0:0:0:0:0:0:1 - - [06/Dec/2017:09:19:23 +0800] "GET /vendors/jquery/dist/jquery.min.js HTTP/1.1" 404 148
0:0:0:0:0:0:0:1 - - [06/Dec/2017:09:19:23 +0800] "GET /vendors/bootstrap/dist/js/bootstrap.min.js HTTP/1.1" 404 157
0:0:0:0:0:0:0:1 - - [06/Dec/2017:09:19:23 +0800] "GET /js/app.min.js HTTP/1.1" 304 -
0:0:0:0:0:0:0:1 - - [06/Dec/2017:09:19:23 +0800] "GET /vendors/malihu-custom-scrollbar-plugin/jquery.mCustomScrollbar.concat.min.js HTTP/1.1" 404 191
0:0:0:0:0:0:0:1 - - [06/Dec/2017:09:19:23 +0800] "GET /vendors/Waves/dist/waves.min.js HTTP/1.1" 404 146
0:0:0:0:0:0:0:1 - - [06/Dec/2017:09:19:23 +0800] "GET /fonts/roboto/Roboto-Regular-webfont.woff HTTP/1.1" 404 155
0:0:0:0:0:0:0:1 - - [06/Dec/2017:09:19:23 +0800] "GET /fonts/roboto/Roboto-Regular-webfont.ttf HTTP/1.1" 404 154
0:0:0:0:0:0:0:1 - - [06/Dec/2017:09:19:23 +0800] "GET / HTTP/1.1" 200 2504
0:0:0:0:0:0:0:1 - - [06/Dec/2017:09:19:23 +0800] "GET /vendors/material-design-iconic-font/dist/css/material-design-iconic-font.min.css HTTP/1.1" 404 195
0:0:0:0:0:0:0:1 - - [06/Dec/2017:09:19:23 +0800] "GET /vendors/malihu-custom-scrollbar-plugin/jquery.mCustomScrollbar.min.css HTTP/1.1" 404 185
0:0:0:0:0:0:0:1 - - [06/Dec/2017:09:19:23 +0800] "GET /vendors/Waves/dist/waves.min.css HTTP/1.1" 404 147
0:0:0:0:0:0:0:1 - - [06/Dec/2017:09:19:23 +0800] "GET /css/app_1.min.css HTTP/1.1" 304 -
0:0:0:0:0:0:0:1 - - [06/Dec/2017:09:19:23 +0800] "GET /vendors/jquery/dist/jquery.min.js HTTP/1.1" 404 148
0:0:0:0:0:0:0:1 - - [06/Dec/2017:09:19:23 +0800] "GET /vendors/bootstrap/dist/js/bootstrap.min.js HTTP/1.1" 404 157
0:0:0:0:0:0:0:1 - - [06/Dec/2017:09:19:23 +0800] "GET /vendors/Waves/dist/waves.min.js HTTP/1.1" 404 146
0:0:0:0:0:0:0:1 - - [06/Dec/2017:09:19:23 +0800] "GET /js/app.min.js HTTP/1.1" 304 -
0:0:0:0:0:0:0:1 - - [06/Dec/2017:09:19:23 +0800] "GET /vendors/malihu-custom-scrollbar-plugin/jquery.mCustomScrollbar.concat.min.js HTTP/1.1" 404 191
0:0:0:0:0:0:0:1 - - [06/Dec/2017:09:19:23 +0800] "GET /fonts/roboto/Roboto-Regular-webfont.woff HTTP/1.1" 404 155
0:0:0:0:0:0:0:1 - - [06/Dec/2017:09:19:23 +0800] "GET /fonts/roboto/Roboto-Regular-webfont.ttf HTTP/1.1" 404 154
0:0:0:0:0:0:0:1 - - [06/Dec/2017:09:19:23 +0800] "GET / HTTP/1.1" 200 2504
0:0:0:0:0:0:0:1 - - [06/Dec/2017:09:19:23 +0800] "GET /vendors/material-design-iconic-font/dist/css/material-design-iconic-font.min.css HTTP/1.1" 404 195
0:0:0:0:0:0:0:1 - - [06/Dec/2017:09:19:23 +0800] "GET /css/app_1.min.css HTTP/1.1" 304 -
0:0:0:0:0:0:0:1 - - [06/Dec/2017:09:19:23 +0800] "GET /vendors/Waves/dist/waves.min.css HTTP/1.1" 404 147
0:0:0:0:0:0:0:1 - - [06/Dec/2017:09:19:23 +0800] "GET /vendors/jquery/dist/jquery.min.js HTTP/1.1" 404 148
0:0:0:0:0:0:0:1 - - [06/Dec/2017:09:19:23 +0800] "GET /vendors/malihu-custom-scrollbar-plugin/jquery.mCustomScrollbar.min.css HTTP/1.1" 404 185
0:0:0:0:0:0:0:1 - - [06/Dec/2017:09:19:23 +0800] "GET /vendors/Waves/dist/waves.min.js HTTP/1.1" 404 146
0:0:0:0:0:0:0:1 - - [06/Dec/2017:09:19:23 +0800] "GET /vendors/malihu-custom-scrollbar-plugin/jquery.mCustomScrollbar.concat.min.js HTTP/1.1" 404 191
0:0:0:0:0:0:0:1 - - [06/Dec/2017:09:19:23 +0800] "GET /vendors/bootstrap/dist/js/bootstrap.min.js HTTP/1.1" 404 157
0:0:0:0:0:0:0:1 - - [06/Dec/2017:09:19:23 +0800] "GET /js/app.min.js HTTP/1.1" 304 -
0:0:0:0:0:0:0:1 - - [06/Dec/2017:09:19:23 +0800] "GET /fonts/roboto/Roboto-Regular-webfont.woff HTTP/1.1" 404 155
0:0:0:0:0:0:0:1 - - [06/Dec/2017:09:19:23 +0800] "GET /fonts/roboto/Roboto-Regular-webfont.ttf HTTP/1.1" 404 154
0:0:0:0:0:0:0:1 - - [06/Dec/2017:09:19:23 +0800] "GET / HTTP/1.1" 200 2504
0:0:0:0:0:0:0:1 - - [06/Dec/2017:09:19:23 +0800] "GET /vendors/Waves/dist/waves.min.css HTTP/1.1" 404 147
0:0:0:0:0:0:0:1 - - [06/Dec/2017:09:19:23 +0800] "GET /css/app_1.min.css HTTP/1.1" 304 -
0:0:0:0:0:0:0:1 - - [06/Dec/2017:09:19:23 +0800] "GET /vendors/Waves/dist/waves.min.js HTTP/1.1" 404 146
0:0:0:0:0:0:0:1 - - [06/Dec/2017:09:19:23 +0800] "GET /vendors/malihu-custom-scrollbar-plugin/jquery.mCustomScrollbar.min.css HTTP/1.1" 404 185
0:0:0:0:0:0:0:1 - - [06/Dec/2017:09:19:23 +0800] "GET /js/app.min.js HTTP/1.1" 304 -
0:0:0:0:0:0:0:1 - - [06/Dec/2017:09:19:23 +0800] "GET /vendors/jquery/dist/jquery.min.js HTTP/1.1" 404 148
0:0:0:0:0:0:0:1 - - [06/Dec/2017:09:19:23 +0800] "GET /vendors/material-design-iconic-font/dist/css/material-design-iconic-font.min.css HTTP/1.1" 404 195
0:0:0:0:0:0:0:1 - - [06/Dec/2017:09:19:23 +0800] "GET /vendors/malihu-custom-scrollbar-plugin/jquery.mCustomScrollbar.concat.min.js HTTP/1.1" 404 191
0:0:0:0:0:0:0:1 - - [06/Dec/2017:09:19:23 +0800] "GET /vendors/bootstrap/dist/js/bootstrap.min.js HTTP/1.1" 404 157
0:0:0:0:0:0:0:1 - - [06/Dec/2017:09:19:23 +0800] "GET /fonts/roboto/Roboto-Regular-webfont.woff HTTP/1.1" 404 155
0:0:0:0:0:0:0:1 - - [06/Dec/2017:09:19:24 +0800] "GET /fonts/roboto/Roboto-Regular-webfont.ttf HTTP/1.1" 404 154
0:0:0:0:0:0:0:1 - - [06/Dec/2017:09:19:24 +0800] "GET / HTTP/1.1" 200 2504
0:0:0:0:0:0:0:1 - - [06/Dec/2017:09:19:24 +0800] "GET /vendors/malihu-custom-scrollbar-plugin/jquery.mCustomScrollbar.min.css HTTP/1.1" 404 185
0:0:0:0:0:0:0:1 - - [06/Dec/2017:09:19:24 +0800] "GET /css/app_1.min.css HTTP/1.1" 304 -
0:0:0:0:0:0:0:1 - - [06/Dec/2017:09:19:24 +0800] "GET /vendors/jquery/dist/jquery.min.js HTTP/1.1" 404 148
0:0:0:0:0:0:0:1 - - [06/Dec/2017:09:19:24 +0800] "GET /vendors/bootstrap/dist/js/bootstrap.min.js HTTP/1.1" 404 157
0:0:0:0:0:0:0:1 - - [06/Dec/2017:09:19:24 +0800] "GET /vendors/Waves/dist/waves.min.js HTTP/1.1" 404 146
0:0:0:0:0:0:0:1 - - [06/Dec/2017:09:19:24 +0800] "GET /vendors/material-design-iconic-font/dist/css/material-design-iconic-font.min.css HTTP/1.1" 404 195
0:0:0:0:0:0:0:1 - - [06/Dec/2017:09:19:24 +0800] "GET /js/app.min.js HTTP/1.1" 304 -
0:0:0:0:0:0:0:1 - - [06/Dec/2017:09:19:24 +0800] "GET /vendors/malihu-custom-scrollbar-plugin/jquery.mCustomScrollbar.concat.min.js HTTP/1.1" 404 191
0:0:0:0:0:0:0:1 - - [06/Dec/2017:09:19:24 +0800] "GET /vendors/Waves/dist/waves.min.css HTTP/1.1" 404 147
0:0:0:0:0:0:0:1 - - [06/Dec/2017:09:19:24 +0800] "GET /fonts/roboto/Roboto-Regular-webfont.woff HTTP/1.1" 404 155
0:0:0:0:0:0:0:1 - - [06/Dec/2017:09:19:24 +0800] "GET /fonts/roboto/Roboto-Regular-webfont.ttf HTTP/1.1" 404 154
0:0:0:0:0:0:0:1 - - [06/Dec/2017:09:19:24 +0800] "GET / HTTP/1.1" 200 2504
0:0:0:0:0:0:0:1 - - [06/Dec/2017:09:19:24 +0800] "GET /vendors/material-design-iconic-font/dist/css/material-design-iconic-font.min.css HTTP/1.1" 404 195
0:0:0:0:0:0:0:1 - - [06/Dec/2017:09:19:24 +0800] "GET /css/app_1.min.css HTTP/1.1" 304 -
0:0:0:0:0:0:0:1 - - [06/Dec/2017:09:19:24 +0800] "GET /vendors/Waves/dist/waves.min.css HTTP/1.1" 404 147
0:0:0:0:0:0:0:1 - - [06/Dec/2017:09:19:24 +0800] "GET /vendors/malihu-custom-scrollbar-plugin/jquery.mCustomScrollbar.min.css HTTP/1.1" 404 185
0:0:0:0:0:0:0:1 - - [06/Dec/2017:09:19:24 +0800] "GET /vendors/jquery/dist/jquery.min.js HTTP/1.1" 404 148
0:0:0:0:0:0:0:1 - - [06/Dec/2017:09:19:24 +0800] "GET /vendors/malihu-custom-scrollbar-plugin/jquery.mCustomScrollbar.concat.min.js HTTP/1.1" 404 191
0:0:0:0:0:0:0:1 - - [06/Dec/2017:09:19:24 +0800] "GET /vendors/bootstrap/dist/js/bootstrap.min.js HTTP/1.1" 404 157
0:0:0:0:0:0:0:1 - - [06/Dec/2017:09:19:24 +0800] "GET /vendors/Waves/dist/waves.min.js HTTP/1.1" 404 146
0:0:0:0:0:0:0:1 - - [06/Dec/2017:09:19:24 +0800] "GET /js/app.min.js HTTP/1.1" 304 -
0:0:0:0:0:0:0:1 - - [06/Dec/2017:09:19:24 +0800] "GET /fonts/roboto/Roboto-Regular-webfont.woff HTTP/1.1" 404 155
0:0:0:0:0:0:0:1 - - [06/Dec/2017:09:19:24 +0800] "GET /fonts/roboto/Roboto-Regular-webfont.ttf HTTP/1.1" 404 154
0:0:0:0:0:0:0:1 - - [06/Dec/2017:09:19:24 +0800] "GET / HTTP/1.1" 200 2504
0:0:0:0:0:0:0:1 - - [06/Dec/2017:09:19:24 +0800] "GET /vendors/malihu-custom-scrollbar-plugin/jquery.mCustomScrollbar.min.css HTTP/1.1" 404 185
0:0:0:0:0:0:0:1 - - [06/Dec/2017:09:19:24 +0800] "GET /css/app_1.min.css HTTP/1.1" 304 -
0:0:0:0:0:0:0:1 - - [06/Dec/2017:09:19:24 +0800] "GET /vendors/Waves/dist/waves.min.css HTTP/1.1" 404 147
0:0:0:0:0:0:0:1 - - [06/Dec/2017:09:19:24 +0800] "GET /vendors/material-design-iconic-font/dist/css/material-design-iconic-font.min.css HTTP/1.1" 404 195
0:0:0:0:0:0:0:1 - - [06/Dec/2017:09:19:24 +0800] "GET /vendors/bootstrap/dist/js/bootstrap.min.js HTTP/1.1" 404 157
0:0:0:0:0:0:0:1 - - [06/Dec/2017:09:19:24 +0800] "GET /vendors/Waves/dist/waves.min.js HTTP/1.1" 404 146
0:0:0:0:0:0:0:1 - - [06/Dec/2017:09:19:24 +0800] "GET /vendors/malihu-custom-scrollbar-plugin/jquery.mCustomScrollbar.concat.min.js HTTP/1.1" 404 191
0:0:0:0:0:0:0:1 - - [06/Dec/2017:09:19:24 +0800] "GET /js/app.min.js HTTP/1.1" 304 -
0:0:0:0:0:0:0:1 - - [06/Dec/2017:09:19:24 +0800] "GET /vendors/jquery/dist/jquery.min.js HTTP/1.1" 404 148
0:0:0:0:0:0:0:1 - - [06/Dec/2017:09:19:24 +0800] "GET / HTTP/1.1" 200 2504
0:0:0:0:0:0:0:1 - - [06/Dec/2017:09:19:24 +0800] "GET /vendors/jquery/dist/jquery.min.js HTTP/1.1" 404 148
0:0:0:0:0:0:0:1 - - [06/Dec/2017:09:19:24 +0800] "GET /fonts/roboto/Roboto-Regular-webfont.woff HTTP/1.1" 404 155
0:0:0:0:0:0:0:1 - - [06/Dec/2017:09:19:24 +0800] "GET /fonts/roboto/Roboto-Regular-webfont.ttf HTTP/1.1" 404 154
0:0:0:0:0:0:0:1 - - [06/Dec/2017:09:20:05 +0800] "GET /css/app_1.min.css HTTP/1.1" 304 -
0:0:0:0:0:0:0:1 - - [06/Dec/2017:09:20:05 +0800] "GET /vendors/bootstrap/dist/js/bootstrap.min.js HTTP/1.1" 404 157
0:0:0:0:0:0:0:1 - - [06/Dec/2017:09:20:05 +0800] "GET / HTTP/1.1" 200 2504
0:0:0:0:0:0:0:1 - - [06/Dec/2017:09:20:05 +0800] "GET /vendors/jquery/dist/jquery.min.js HTTP/1.1" 404 148
0:0:0:0:0:0:0:1 - - [06/Dec/2017:09:20:05 +0800] "GET /js/app.min.js HTTP/1.1" 304 -
0:0:0:0:0:0:0:1 - - [06/Dec/2017:09:20:05 +0800] "GET /vendors/malihu-custom-scrollbar-plugin/jquery.mCustomScrollbar.min.css HTTP/1.1" 404 185
0:0:0:0:0:0:0:1 - - [06/Dec/2017:09:20:05 +0800] "GET /vendors/material-design-iconic-font/dist/css/material-design-iconic-font.min.css HTTP/1.1" 404 195
0:0:0:0:0:0:0:1 - - [06/Dec/2017:09:20:05 +0800] "GET /fonts/roboto/Roboto-Regular-webfont.woff HTTP/1.1" 404 155
0:0:0:0:0:0:0:1 - - [06/Dec/2017:09:20:05 +0800] "GET /vendors/malihu-custom-scrollbar-plugin/jquery.mCustomScrollbar.concat.min.js HTTP/1.1" 404 191
0:0:0:0:0:0:0:1 - - [06/Dec/2017:09:20:05 +0800] "GET /vendors/Waves/dist/waves.min.js HTTP/1.1" 404 146
0:0:0:0:0:0:0:1 - - [06/Dec/2017:09:20:05 +0800] "GET /vendors/bootstrap/dist/js/bootstrap.min.js HTTP/1.1" 404 157
0:0:0:0:0:0:0:1 - - [06/Dec/2017:09:20:05 +0800] "GET /vendors/Waves/dist/waves.min.css HTTP/1.1" 404 147
0:0:0:0:0:0:0:1 - - [06/Dec/2017:09:20:05 +0800] "GET /fonts/roboto/Roboto-Regular-webfont.ttf HTTP/1.1" 404 154
0:0:0:0:0:0:0:1 - - [06/Dec/2017:09:20:05 +0800] "GET /favicon.ico HTTP/1.1" 200 946
0:0:0:0:0:0:0:1 - - [06/Dec/2017:09:20:07 +0800] "GET / HTTP/1.1" 200 2504
0:0:0:0:0:0:0:1 - - [06/Dec/2017:09:20:07 +0800] "GET /vendors/material-design-iconic-font/dist/css/material-design-iconic-font.min.css HTTP/1.1" 404 195
0:0:0:0:0:0:0:1 - - [06/Dec/2017:09:20:07 +0800] "GET /vendors/malihu-custom-scrollbar-plugin/jquery.mCustomScrollbar.concat.min.js HTTP/1.1" 404 191
0:0:0:0:0:0:0:1 - - [06/Dec/2017:09:20:07 +0800] "GET /vendors/jquery/dist/jquery.min.js HTTP/1.1" 404 148
0:0:0:0:0:0:0:1 - - [06/Dec/2017:09:20:07 +0800] "GET /vendors/Waves/dist/waves.min.css HTTP/1.1" 404 147
0:0:0:0:0:0:0:1 - - [06/Dec/2017:09:20:07 +0800] "GET /vendors/bootstrap/dist/js/bootstrap.min.js HTTP/1.1" 404 157
0:0:0:0:0:0:0:1 - - [06/Dec/2017:09:20:07 +0800] "GET /vendors/malihu-custom-scrollbar-plugin/jquery.mCustomScrollbar.min.css HTTP/1.1" 404 185
0:0:0:0:0:0:0:1 - - [06/Dec/2017:09:20:07 +0800] "GET /fonts/roboto/Roboto-Regular-webfont.woff HTTP/1.1" 404 155
0:0:0:0:0:0:0:1 - - [06/Dec/2017:09:20:07 +0800] "GET /vendors/bootstrap/dist/js/bootstrap.min.js HTTP/1.1" 404 157
0:0:0:0:0:0:0:1 - - [06/Dec/2017:09:20:07 +0800] "GET /vendors/Waves/dist/waves.min.js HTTP/1.1" 404 146
0:0:0:0:0:0:0:1 - - [06/Dec/2017:09:20:07 +0800] "GET /fonts/roboto/Roboto-Regular-webfont.ttf HTTP/1.1" 404 154
0:0:0:0:0:0:0:1 - - [06/Dec/2017:09:20:07 +0800] "GET /vendors/malihu-custom-scrollbar-plugin/jquery.mCustomScrollbar.concat.min.js HTTP/1.1" 404 191
0:0:0:0:0:0:0:1 - - [06/Dec/2017:09:20:07 +0800] "GET /favicon.ico HTTP/1.1" 200 946
0:0:0:0:0:0:0:1 - - [06/Dec/2017:09:20:28 +0800] "GET / HTTP/1.1" 200 2504
0:0:0:0:0:0:0:1 - - [06/Dec/2017:09:20:28 +0800] "GET /css/app_1.min.css HTTP/1.1" 304 -
0:0:0:0:0:0:0:1 - - [06/Dec/2017:09:20:28 +0800] "GET /vendors/material-design-iconic-font/dist/css/material-design-iconic-font.min.css HTTP/1.1" 404 195
0:0:0:0:0:0:0:1 - - [06/Dec/2017:09:20:28 +0800] "GET /vendors/jquery/dist/jquery.min.js HTTP/1.1" 404 148
0:0:0:0:0:0:0:1 - - [06/Dec/2017:09:20:28 +0800] "GET /vendors/bootstrap/dist/js/bootstrap.min.js HTTP/1.1" 404 157
0:0:0:0:0:0:0:1 - - [06/Dec/2017:09:20:28 +0800] "GET /js/app.min.js HTTP/1.1" 304 -
0:0:0:0:0:0:0:1 - - [06/Dec/2017:09:20:28 +0800] "GET /vendors/malihu-custom-scrollbar-plugin/jquery.mCustomScrollbar.min.css HTTP/1.1" 404 185
0:0:0:0:0:0:0:1 - - [06/Dec/2017:09:20:28 +0800] "GET /vendors/malihu-custom-scrollbar-plugin/jquery.mCustomScrollbar.concat.min.js HTTP/1.1" 404 191
0:0:0:0:0:0:0:1 - - [06/Dec/2017:09:20:28 +0800] "GET /vendors/Waves/dist/waves.min.js HTTP/1.1" 404 146
0:0:0:0:0:0:0:1 - - [06/Dec/2017:09:20:28 +0800] "GET /vendors/Waves/dist/waves.min.css HTTP/1.1" 404 147
0:0:0:0:0:0:0:1 - - [06/Dec/2017:09:20:29 +0800] "GET /fonts/roboto/Roboto-Regular-webfont.woff HTTP/1.1" 404 155
0:0:0:0:0:0:0:1 - - [06/Dec/2017:09:20:29 +0800] "GET /fonts/roboto/Roboto-Regular-webfont.ttf HTTP/1.1" 404 154
0:0:0:0:0:0:0:1 - - [06/Dec/2017:09:20:51 +0800] "GET / HTTP/1.1" 200 2503
0:0:0:0:0:0:0:1 - - [06/Dec/2017:09:20:51 +0800] "GET /vendors/jquery/dist/jquery.min.js HTTP/1.1" 404 148
0:0:0:0:0:0:0:1 - - [06/Dec/2017:09:20:51 +0800] "GET /js/app.min.js HTTP/1.1" 304 -
0:0:0:0:0:0:0:1 - - [06/Dec/2017:09:20:51 +0800] "GET /css/app_1.min.css HTTP/1.1" 304 -
0:0:0:0:0:0:0:1 - - [06/Dec/2017:09:20:51 +0800] "GET /vendors/malihu-custom-scrollbar-plugin/jquery.mCustomScrollbar.concat.min.js HTTP/1.1" 404 191
0:0:0:0:0:0:0:1 - - [06/Dec/2017:09:20:51 +0800] "GET /vendors/bootstrap/dist/js/bootstrap.min.js HTTP/1.1" 404 157
0:0:0:0:0:0:0:1 - - [06/Dec/2017:09:20:51 +0800] "GET /vendors/Waves/dist/waves.min.js HTTP/1.1" 404 146
0:0:0:0:0:0:0:1 - - [06/Dec/2017:09:20:51 +0800] "GET /vendors/Waves/dist/waves.min.css HTTP/1.1" 404 147
0:0:0:0:0:0:0:1 - - [06/Dec/2017:09:20:51 +0800] "GET /vendors/malihu-custom-scrollbar-plugin/jquery.mCustomScrollbar.min.css HTTP/1.1" 404 185
0:0:0:0:0:0:0:1 - - [06/Dec/2017:09:20:51 +0800] "GET /vendors/material-design-iconic-font/dist/css/material-design-iconic-font.min.css HTTP/1.1" 404 195
0:0:0:0:0:0:0:1 - - [06/Dec/2017:09:20:51 +0800] "GET /fonts/roboto/Roboto-Regular-webfont.woff HTTP/1.1" 404 155
0:0:0:0:0:0:0:1 - - [06/Dec/2017:09:20:51 +0800] "GET /fonts/roboto/Roboto-Regular-webfont.ttf HTTP/1.1" 404 154
0:0:0:0:0:0:0:1 - - [06/Dec/2017:09:21:08 +0800] "GET / HTTP/1.1" 200 2505
0:0:0:0:0:0:0:1 - - [06/Dec/2017:09:21:08 +0800] "GET /vendors/bootstrap/dist/js/bootstrap.min.js HTTP/1.1" 404 157
0:0:0:0:0:0:0:1 - - [06/Dec/2017:09:21:08 +0800] "GET /vendors/jquery/dist/jquery.min.js HTTP/1.1" 404 148
0:0:0:0:0:0:0:1 - - [06/Dec/2017:09:21:08 +0800] "GET /js/app.min.js HTTP/1.1" 304 -
0:0:0:0:0:0:0:1 - - [06/Dec/2017:09:21:08 +0800] "GET /vendors/malihu-custom-scrollbar-plugin/jquery.mCustomScrollbar.min.css HTTP/1.1" 404 185
0:0:0:0:0:0:0:1 - - [06/Dec/2017:09:21:08 +0800] "GET /vendors/Waves/dist/waves.min.js HTTP/1.1" 404 146
0:0:0:0:0:0:0:1 - - [06/Dec/2017:09:21:08 +0800] "GET /css/app_1.min.css HTTP/1.1" 304 -
0:0:0:0:0:0:0:1 - - [06/Dec/2017:09:21:08 +0800] "GET /vendors/material-design-iconic-font/dist/css/material-design-iconic-font.min.css HTTP/1.1" 404 195
0:0:0:0:0:0:0:1 - - [06/Dec/2017:09:21:08 +0800] "GET /vendors/malihu-custom-scrollbar-plugin/jquery.mCustomScrollbar.concat.min.js HTTP/1.1" 404 191
0:0:0:0:0:0:0:1 - - [06/Dec/2017:09:21:08 +0800] "GET /vendors/Waves/dist/waves.min.css HTTP/1.1" 404 147
0:0:0:0:0:0:0:1 - - [06/Dec/2017:09:21:08 +0800] "GET /fonts/roboto/Roboto-Regular-webfont.woff HTTP/1.1" 404 155
0:0:0:0:0:0:0:1 - - [06/Dec/2017:09:21:08 +0800] "GET /fonts/roboto/Roboto-Regular-webfont.ttf HTTP/1.1" 404 154
0:0:0:0:0:0:0:1 - - [06/Dec/2017:09:33:22 +0800] "GET / HTTP/1.1" 200 2134
0:0:0:0:0:0:0:1 - - [06/Dec/2017:09:33:22 +0800] "GET /vendors/Waves/dist/waves.min.js HTTP/1.1" 404 146
0:0:0:0:0:0:0:1 - - [06/Dec/2017:09:33:22 +0800] "GET /vendors/bootstrap/dist/js/bootstrap.min.js HTTP/1.1" 404 157
0:0:0:0:0:0:0:1 - - [06/Dec/2017:09:33:22 +0800] "GET /vendors/jquery/dist/jquery.min.js HTTP/1.1" 404 148
0:0:0:0:0:0:0:1 - - [06/Dec/2017:09:33:22 +0800] "GET /js/app.min.js HTTP/1.1" 304 -
0:0:0:0:0:0:0:1 - - [06/Dec/2017:09:33:22 +0800] "GET /vendors/malihu-custom-scrollbar-plugin/jquery.mCustomScrollbar.concat.min.js HTTP/1.1" 404 191
0:0:0:0:0:0:0:1 - - [06/Dec/2017:09:33:22 +0800] "GET /vendors/bootstrap/dist/js/bootstrap.min.js HTTP/1.1" 404 157
0:0:0:0:0:0:0:1 - - [06/Dec/2017:09:33:22 +0800] "GET /vendors/Waves/dist/waves.min.js HTTP/1.1" 404 146
0:0:0:0:0:0:0:1 - - [06/Dec/2017:09:33:22 +0800] "GET /vendors/malihu-custom-scrollbar-plugin/jquery.mCustomScrollbar.concat.min.js HTTP/1.1" 404 191
0:0:0:0:0:0:0:1 - - [06/Dec/2017:09:33:22 +0800] "GET /favicon.ico HTTP/1.1" 200 946
0:0:0:0:0:0:0:1 - - [06/Dec/2017:09:34:18 +0800] "GET / HTTP/1.1" 200 2252
0:0:0:0:0:0:0:1 - - [06/Dec/2017:09:34:18 +0800] "GET /vendors/material-design-iconic-font/dist/css/material-design-iconic-font.min.css HTTP/1.1" 404 195
0:0:0:0:0:0:0:1 - - [06/Dec/2017:09:34:18 +0800] "GET /vendors/jquery/dist/jquery.min.js HTTP/1.1" 404 148
0:0:0:0:0:0:0:1 - - [06/Dec/2017:09:34:18 +0800] "GET /vendors/Waves/dist/waves.min.js HTTP/1.1" 404 146
0:0:0:0:0:0:0:1 - - [06/Dec/2017:09:34:18 +0800] "GET /vendors/bootstrap/dist/js/bootstrap.min.js HTTP/1.1" 404 157
0:0:0:0:0:0:0:1 - - [06/Dec/2017:09:34:18 +0800] "GET /vendors/malihu-custom-scrollbar-plugin/jquery.mCustomScrollbar.concat.min.js HTTP/1.1" 404 191
0:0:0:0:0:0:0:1 - - [06/Dec/2017:09:34:18 +0800] "GET /vendors/Waves/dist/waves.min.js HTTP/1.1" 404 146
0:0:0:0:0:0:0:1 - - [06/Dec/2017:09:34:18 +0800] "GET /vendors/malihu-custom-scrollbar-plugin/jquery.mCustomScrollbar.concat.min.js HTTP/1.1" 404 191
0:0:0:0:0:0:0:1 - - [06/Dec/2017:09:34:18 +0800] "GET /favicon.ico HTTP/1.1" 200 946
0:0:0:0:0:0:0:1 - - [06/Dec/2017:09:34:18 +0800] "GET / HTTP/1.1" 200 2252
0:0:0:0:0:0:0:1 - - [06/Dec/2017:09:34:18 +0800] "GET /vendors/jquery/dist/jquery.min.js HTTP/1.1" 404 148
0:0:0:0:0:0:0:1 - - [06/Dec/2017:09:34:18 +0800] "GET /vendors/malihu-custom-scrollbar-plugin/jquery.mCustomScrollbar.concat.min.js HTTP/1.1" 404 191
0:0:0:0:0:0:0:1 - - [06/Dec/2017:09:34:18 +0800] "GET /vendors/material-design-iconic-font/dist/css/material-design-iconic-font.min.css HTTP/1.1" 404 195
0:0:0:0:0:0:0:1 - - [06/Dec/2017:09:34:18 +0800] "GET /vendors/bootstrap/dist/js/bootstrap.min.js HTTP/1.1" 404 157
0:0:0:0:0:0:0:1 - - [06/Dec/2017:09:34:18 +0800] "GET /vendors/Waves/dist/waves.min.js HTTP/1.1" 404 146
0:0:0:0:0:0:0:1 - - [06/Dec/2017:09:34:18 +0800] "GET /vendors/bootstrap/dist/js/bootstrap.min.js HTTP/1.1" 404 157
0:0:0:0:0:0:0:1 - - [06/Dec/2017:09:34:18 +0800] "GET /vendors/Waves/dist/waves.min.js HTTP/1.1" 404 146
0:0:0:0:0:0:0:1 - - [06/Dec/2017:09:34:18 +0800] "GET /vendors/malihu-custom-scrollbar-plugin/jquery.mCustomScrollbar.concat.min.js HTTP/1.1" 404 191
0:0:0:0:0:0:0:1 - - [06/Dec/2017:09:34:18 +0800] "GET /favicon.ico HTTP/1.1" 200 946
0:0:0:0:0:0:0:1 - - [06/Dec/2017:09:34:19 +0800] "GET / HTTP/1.1" 200 2252
0:0:0:0:0:0:0:1 - - [06/Dec/2017:09:34:19 +0800] "GET /vendors/jquery/dist/jquery.min.js HTTP/1.1" 404 148
0:0:0:0:0:0:0:1 - - [06/Dec/2017:09:34:19 +0800] "GET /vendors/Waves/dist/waves.min.js HTTP/1.1" 404 146
0:0:0:0:0:0:0:1 - - [06/Dec/2017:09:34:19 +0800] "GET /vendors/malihu-custom-scrollbar-plugin/jquery.mCustomScrollbar.concat.min.js HTTP/1.1" 404 191
0:0:0:0:0:0:0:1 - - [06/Dec/2017:09:34:19 +0800] "GET /vendors/material-design-iconic-font/dist/css/material-design-iconic-font.min.css HTTP/1.1" 404 195
0:0:0:0:0:0:0:1 - - [06/Dec/2017:09:34:19 +0800] "GET /vendors/bootstrap/dist/js/bootstrap.min.js HTTP/1.1" 404 157
0:0:0:0:0:0:0:1 - - [06/Dec/2017:09:34:19 +0800] "GET /vendors/Waves/dist/waves.min.js HTTP/1.1" 404 146
0:0:0:0:0:0:0:1 - - [06/Dec/2017:09:34:19 +0800] "GET /vendors/malihu-custom-scrollbar-plugin/jquery.mCustomScrollbar.concat.min.js HTTP/1.1" 404 191
0:0:0:0:0:0:0:1 - - [06/Dec/2017:09:34:19 +0800] "GET /favicon.ico HTTP/1.1" 200 946
0:0:0:0:0:0:0:1 - - [06/Dec/2017:09:34:19 +0800] "GET / HTTP/1.1" 200 2252
0:0:0:0:0:0:0:1 - - [06/Dec/2017:09:34:19 +0800] "GET /vendors/jquery/dist/jquery.min.js HTTP/1.1" 404 148
0:0:0:0:0:0:0:1 - - [06/Dec/2017:09:34:19 +0800] "GET /vendors/malihu-custom-scrollbar-plugin/jquery.mCustomScrollbar.concat.min.js HTTP/1.1" 404 191
0:0:0:0:0:0:0:1 - - [06/Dec/2017:09:34:19 +0800] "GET /vendors/Waves/dist/waves.min.js HTTP/1.1" 404 146
0:0:0:0:0:0:0:1 - - [06/Dec/2017:09:34:19 +0800] "GET /vendors/material-design-iconic-font/dist/css/material-design-iconic-font.min.css HTTP/1.1" 404 195
0:0:0:0:0:0:0:1 - - [06/Dec/2017:09:34:19 +0800] "GET /vendors/bootstrap/dist/js/bootstrap.min.js HTTP/1.1" 404 157
0:0:0:0:0:0:0:1 - - [06/Dec/2017:09:34:19 +0800] "GET /vendors/bootstrap/dist/js/bootstrap.min.js HTTP/1.1" 404 157
0:0:0:0:0:0:0:1 - - [06/Dec/2017:09:34:19 +0800] "GET /vendors/Waves/dist/waves.min.js HTTP/1.1" 404 146
0:0:0:0:0:0:0:1 - - [06/Dec/2017:09:34:19 +0800] "GET /vendors/malihu-custom-scrollbar-plugin/jquery.mCustomScrollbar.concat.min.js HTTP/1.1" 404 191
0:0:0:0:0:0:0:1 - - [06/Dec/2017:09:34:19 +0800] "GET /favicon.ico HTTP/1.1" 200 946
0:0:0:0:0:0:0:1 - - [06/Dec/2017:09:34:19 +0800] "GET / HTTP/1.1" 200 2252
0:0:0:0:0:0:0:1 - - [06/Dec/2017:09:34:19 +0800] "GET /vendors/jquery/dist/jquery.min.js HTTP/1.1" 404 148
0:0:0:0:0:0:0:1 - - [06/Dec/2017:09:34:19 +0800] "GET /vendors/bootstrap/dist/js/bootstrap.min.js HTTP/1.1" 404 157
0:0:0:0:0:0:0:1 - - [06/Dec/2017:09:34:19 +0800] "GET /vendors/malihu-custom-scrollbar-plugin/jquery.mCustomScrollbar.concat.min.js HTTP/1.1" 404 191
0:0:0:0:0:0:0:1 - - [06/Dec/2017:09:34:19 +0800] "GET /vendors/material-design-iconic-font/dist/css/material-design-iconic-font.min.css HTTP/1.1" 404 195
0:0:0:0:0:0:0:1 - - [06/Dec/2017:09:34:19 +0800] "GET /vendors/Waves/dist/waves.min.js HTTP/1.1" 404 146
0:0:0:0:0:0:0:1 - - [06/Dec/2017:09:34:19 +0800] "GET /vendors/bootstrap/dist/js/bootstrap.min.js HTTP/1.1" 404 157
0:0:0:0:0:0:0:1 - - [06/Dec/2017:09:34:19 +0800] "GET /vendors/Waves/dist/waves.min.js HTTP/1.1" 404 146
0:0:0:0:0:0:0:1 - - [06/Dec/2017:09:34:19 +0800] "GET /vendors/malihu-custom-scrollbar-plugin/jquery.mCustomScrollbar.concat.min.js HTTP/1.1" 404 191
0:0:0:0:0:0:0:1 - - [06/Dec/2017:09:34:19 +0800] "GET /favicon.ico HTTP/1.1" 200 946
0:0:0:0:0:0:0:1 - - [06/Dec/2017:09:34:19 +0800] "GET / HTTP/1.1" 200 2252
0:0:0:0:0:0:0:1 - - [06/Dec/2017:09:34:19 +0800] "GET /vendors/material-design-iconic-font/dist/css/material-design-iconic-font.min.css HTTP/1.1" 404 195
0:0:0:0:0:0:0:1 - - [06/Dec/2017:09:34:19 +0800] "GET /vendors/bootstrap/dist/js/bootstrap.min.js HTTP/1.1" 404 157
0:0:0:0:0:0:0:1 - - [06/Dec/2017:09:34:19 +0800] "GET /vendors/jquery/dist/jquery.min.js HTTP/1.1" 404 148
0:0:0:0:0:0:0:1 - - [06/Dec/2017:09:34:19 +0800] "GET /vendors/Waves/dist/waves.min.js HTTP/1.1" 404 146
0:0:0:0:0:0:0:1 - - [06/Dec/2017:09:34:19 +0800] "GET /vendors/malihu-custom-scrollbar-plugin/jquery.mCustomScrollbar.concat.min.js HTTP/1.1" 404 191
0:0:0:0:0:0:0:1 - - [06/Dec/2017:09:34:19 +0800] "GET /favicon.ico HTTP/1.1" 200 946
0:0:0:0:0:0:0:1 - - [06/Dec/2017:09:34:19 +0800] "GET / HTTP/1.1" 200 2252
0:0:0:0:0:0:0:1 - - [06/Dec/2017:09:34:19 +0800] "GET /vendors/bootstrap/dist/js/bootstrap.min.js HTTP/1.1" 404 157
0:0:0:0:0:0:0:1 - - [06/Dec/2017:09:34:19 +0800] "GET /vendors/material-design-iconic-font/dist/css/material-design-iconic-font.min.css HTTP/1.1" 404 195
0:0:0:0:0:0:0:1 - - [06/Dec/2017:09:34:19 +0800] "GET /vendors/jquery/dist/jquery.min.js HTTP/1.1" 404 148
0:0:0:0:0:0:0:1 - - [06/Dec/2017:09:34:19 +0800] "GET /vendors/malihu-custom-scrollbar-plugin/jquery.mCustomScrollbar.concat.min.js HTTP/1.1" 404 191
0:0:0:0:0:0:0:1 - - [06/Dec/2017:09:34:19 +0800] "GET /vendors/Waves/dist/waves.min.js HTTP/1.1" 404 146
0:0:0:0:0:0:0:1 - - [06/Dec/2017:09:34:19 +0800] "GET /vendors/bootstrap/dist/js/bootstrap.min.js HTTP/1.1" 404 157
0:0:0:0:0:0:0:1 - - [06/Dec/2017:09:34:19 +0800] "GET /vendors/Waves/dist/waves.min.js HTTP/1.1" 404 146
0:0:0:0:0:0:0:1 - - [06/Dec/2017:09:34:19 +0800] "GET /vendors/malihu-custom-scrollbar-plugin/jquery.mCustomScrollbar.concat.min.js HTTP/1.1" 404 191
0:0:0:0:0:0:0:1 - - [06/Dec/2017:09:34:19 +0800] "GET /favicon.ico HTTP/1.1" 200 946
0:0:0:0:0:0:0:1 - - [06/Dec/2017:09:34:19 +0800] "GET / HTTP/1.1" 200 2252
0:0:0:0:0:0:0:1 - - [06/Dec/2017:09:34:19 +0800] "GET /vendors/jquery/dist/jquery.min.js HTTP/1.1" 404 148
0:0:0:0:0:0:0:1 - - [06/Dec/2017:09:34:19 +0800] "GET /vendors/bootstrap/dist/js/bootstrap.min.js HTTP/1.1" 404 157
0:0:0:0:0:0:0:1 - - [06/Dec/2017:09:34:19 +0800] "GET /vendors/Waves/dist/waves.min.js HTTP/1.1" 404 146
0:0:0:0:0:0:0:1 - - [06/Dec/2017:09:34:19 +0800] "GET /vendors/malihu-custom-scrollbar-plugin/jquery.mCustomScrollbar.concat.min.js HTTP/1.1" 404 191
0:0:0:0:0:0:0:1 - - [06/Dec/2017:09:34:19 +0800] "GET /vendors/material-design-iconic-font/dist/css/material-design-iconic-font.min.css HTTP/1.1" 404 195
0:0:0:0:0:0:0:1 - - [06/Dec/2017:09:34:19 +0800] "GET /vendors/bootstrap/dist/js/bootstrap.min.js HTTP/1.1" 404 157
0:0:0:0:0:0:0:1 - - [06/Dec/2017:09:34:19 +0800] "GET /vendors/Waves/dist/waves.min.js HTTP/1.1" 404 146
0:0:0:0:0:0:0:1 - - [06/Dec/2017:09:34:19 +0800] "GET /vendors/malihu-custom-scrollbar-plugin/jquery.mCustomScrollbar.concat.min.js HTTP/1.1" 404 191
0:0:0:0:0:0:0:1 - - [06/Dec/2017:09:34:19 +0800] "GET /favicon.ico HTTP/1.1" 200 946
0:0:0:0:0:0:0:1 - - [06/Dec/2017:09:34:19 +0800] "GET / HTTP/1.1" 200 2252
0:0:0:0:0:0:0:1 - - [06/Dec/2017:09:34:19 +0800] "GET /vendors/material-design-iconic-font/dist/css/material-design-iconic-font.min.css HTTP/1.1" 404 195
0:0:0:0:0:0:0:1 - - [06/Dec/2017:09:34:20 +0800] "GET /vendors/jquery/dist/jquery.min.js HTTP/1.1" 404 148
0:0:0:0:0:0:0:1 - - [06/Dec/2017:09:34:20 +0800] "GET /vendors/Waves/dist/waves.min.js HTTP/1.1" 404 146
0:0:0:0:0:0:0:1 - - [06/Dec/2017:09:34:20 +0800] "GET /vendors/malihu-custom-scrollbar-plugin/jquery.mCustomScrollbar.concat.min.js HTTP/1.1" 404 191
0:0:0:0:0:0:0:1 - - [06/Dec/2017:09:34:20 +0800] "GET /vendors/bootstrap/dist/js/bootstrap.min.js HTTP/1.1" 404 157
0:0:0:0:0:0:0:1 - - [06/Dec/2017:09:34:20 +0800] "GET /vendors/Waves/dist/waves.min.js HTTP/1.1" 404 146
0:0:0:0:0:0:0:1 - - [06/Dec/2017:09:34:20 +0800] "GET /vendors/malihu-custom-scrollbar-plugin/jquery.mCustomScrollbar.concat.min.js HTTP/1.1" 404 191
0:0:0:0:0:0:0:1 - - [06/Dec/2017:09:34:20 +0800] "GET /favicon.ico HTTP/1.1" 200 946
0:0:0:0:0:0:0:1 - - [06/Dec/2017:09:34:20 +0800] "GET / HTTP/1.1" 200 2252
0:0:0:0:0:0:0:1 - - [06/Dec/2017:09:34:20 +0800] "GET /vendors/malihu-custom-scrollbar-plugin/jquery.mCustomScrollbar.concat.min.js HTTP/1.1" 404 191
0:0:0:0:0:0:0:1 - - [06/Dec/2017:09:34:20 +0800] "GET /vendors/Waves/dist/waves.min.js HTTP/1.1" 404 146
0:0:0:0:0:0:0:1 - - [06/Dec/2017:09:34:20 +0800] "GET /vendors/jquery/dist/jquery.min.js HTTP/1.1" 404 148
0:0:0:0:0:0:0:1 - - [06/Dec/2017:09:34:20 +0800] "GET /vendors/bootstrap/dist/js/bootstrap.min.js HTTP/1.1" 404 157
0:0:0:0:0:0:0:1 - - [06/Dec/2017:09:34:20 +0800] "GET /vendors/Waves/dist/waves.min.js HTTP/1.1" 404 146
0:0:0:0:0:0:0:1 - - [06/Dec/2017:09:34:20 +0800] "GET /vendors/material-design-iconic-font/dist/css/material-design-iconic-font.min.css HTTP/1.1" 404 195
0:0:0:0:0:0:0:1 - - [06/Dec/2017:09:34:20 +0800] "GET /vendors/malihu-custom-scrollbar-plugin/jquery.mCustomScrollbar.concat.min.js HTTP/1.1" 404 191
0:0:0:0:0:0:0:1 - - [06/Dec/2017:09:34:20 +0800] "GET /favicon.ico HTTP/1.1" 200 946
0:0:0:0:0:0:0:1 - - [06/Dec/2017:09:34:41 +0800] "GET / HTTP/1.1" 200 2361
0:0:0:0:0:0:0:1 - - [06/Dec/2017:09:34:41 +0800] "GET /vendors/material-design-iconic-font/dist/css/material-design-iconic-font.min.css HTTP/1.1" 404 195
0:0:0:0:0:0:0:1 - - [06/Dec/2017:09:34:41 +0800] "GET /vendors/jquery/dist/jquery.min.js HTTP/1.1" 404 148
0:0:0:0:0:0:0:1 - - [06/Dec/2017:09:34:41 +0800] "GET /vendors/Waves/dist/waves.min.js HTTP/1.1" 404 146
0:0:0:0:0:0:0:1 - - [06/Dec/2017:09:34:41 +0800] "GET /vendors/malihu-custom-scrollbar-plugin/jquery.mCustomScrollbar.concat.min.js HTTP/1.1" 404 191
0:0:0:0:0:0:0:1 - - [06/Dec/2017:09:34:41 +0800] "GET /vendors/malihu-custom-scrollbar-plugin/jquery.mCustomScrollbar.min.css HTTP/1.1" 404 185
0:0:0:0:0:0:0:1 - - [06/Dec/2017:09:34:41 +0800] "GET /vendors/bootstrap/dist/js/bootstrap.min.js HTTP/1.1" 404 157
0:0:0:0:0:0:0:1 - - [06/Dec/2017:09:34:41 +0800] "GET /vendors/Waves/dist/waves.min.js HTTP/1.1" 404 146
0:0:0:0:0:0:0:1 - - [06/Dec/2017:09:34:41 +0800] "GET /vendors/malihu-custom-scrollbar-plugin/jquery.mCustomScrollbar.concat.min.js HTTP/1.1" 404 191
0:0:0:0:0:0:0:1 - - [06/Dec/2017:09:34:41 +0800] "GET /favicon.ico HTTP/1.1" 200 946
0:0:0:0:0:0:0:1 - - [06/Dec/2017:09:34:41 +0800] "GET / HTTP/1.1" 200 2361
0:0:0:0:0:0:0:1 - - [06/Dec/2017:09:34:41 +0800] "GET /vendors/malihu-custom-scrollbar-plugin/jquery.mCustomScrollbar.min.css HTTP/1.1" 404 185
0:0:0:0:0:0:0:1 - - [06/Dec/2017:09:34:41 +0800] "GET /vendors/Waves/dist/waves.min.js HTTP/1.1" 404 146
0:0:0:0:0:0:0:1 - - [06/Dec/2017:09:34:41 +0800] "GET /vendors/material-design-iconic-font/dist/css/material-design-iconic-font.min.css HTTP/1.1" 404 195
0:0:0:0:0:0:0:1 - - [06/Dec/2017:09:34:41 +0800] "GET /vendors/bootstrap/dist/js/bootstrap.min.js HTTP/1.1" 404 157
0:0:0:0:0:0:0:1 - - [06/Dec/2017:09:34:41 +0800] "GET /vendors/malihu-custom-scrollbar-plugin/jquery.mCustomScrollbar.concat.min.js HTTP/1.1" 404 191
0:0:0:0:0:0:0:1 - - [06/Dec/2017:09:34:41 +0800] "GET /vendors/jquery/dist/jquery.min.js HTTP/1.1" 404 148
0:0:0:0:0:0:0:1 - - [06/Dec/2017:09:34:41 +0800] "GET /vendors/bootstrap/dist/js/bootstrap.min.js HTTP/1.1" 404 157
0:0:0:0:0:0:0:1 - - [06/Dec/2017:09:34:41 +0800] "GET /vendors/Waves/dist/waves.min.js HTTP/1.1" 404 146
0:0:0:0:0:0:0:1 - - [06/Dec/2017:09:34:41 +0800] "GET /vendors/malihu-custom-scrollbar-plugin/jquery.mCustomScrollbar.concat.min.js HTTP/1.1" 404 191
0:0:0:0:0:0:0:1 - - [06/Dec/2017:09:34:41 +0800] "GET /favicon.ico HTTP/1.1" 200 946
0:0:0:0:0:0:0:1 - - [06/Dec/2017:09:34:41 +0800] "GET / HTTP/1.1" 200 2361
0:0:0:0:0:0:0:1 - - [06/Dec/2017:09:34:41 +0800] "GET /vendors/jquery/dist/jquery.min.js HTTP/1.1" 404 148
0:0:0:0:0:0:0:1 - - [06/Dec/2017:09:34:41 +0800] "GET /vendors/material-design-iconic-font/dist/css/material-design-iconic-font.min.css HTTP/1.1" 404 195
0:0:0:0:0:0:0:1 - - [06/Dec/2017:09:34:41 +0800] "GET /vendors/bootstrap/dist/js/bootstrap.min.js HTTP/1.1" 404 157
0:0:0:0:0:0:0:1 - - [06/Dec/2017:09:34:41 +0800] "GET /vendors/Waves/dist/waves.min.js HTTP/1.1" 404 146
0:0:0:0:0:0:0:1 - - [06/Dec/2017:09:34:41 +0800] "GET /vendors/malihu-custom-scrollbar-plugin/jquery.mCustomScrollbar.concat.min.js HTTP/1.1" 404 191
0:0:0:0:0:0:0:1 - - [06/Dec/2017:09:34:41 +0800] "GET /vendors/malihu-custom-scrollbar-plugin/jquery.mCustomScrollbar.min.css HTTP/1.1" 404 185
0:0:0:0:0:0:0:1 - - [06/Dec/2017:09:34:41 +0800] "GET /vendors/bootstrap/dist/js/bootstrap.min.js HTTP/1.1" 404 157
0:0:0:0:0:0:0:1 - - [06/Dec/2017:09:34:41 +0800] "GET /vendors/Waves/dist/waves.min.js HTTP/1.1" 404 146
0:0:0:0:0:0:0:1 - - [06/Dec/2017:09:34:41 +0800] "GET /vendors/malihu-custom-scrollbar-plugin/jquery.mCustomScrollbar.concat.min.js HTTP/1.1" 404 191
0:0:0:0:0:0:0:1 - - [06/Dec/2017:09:34:41 +0800] "GET /favicon.ico HTTP/1.1" 200 946
0:0:0:0:0:0:0:1 - - [06/Dec/2017:09:34:41 +0800] "GET / HTTP/1.1" 200 2361
0:0:0:0:0:0:0:1 - - [06/Dec/2017:09:34:41 +0800] "GET /vendors/bootstrap/dist/js/bootstrap.min.js HTTP/1.1" 404 157
0:0:0:0:0:0:0:1 - - [06/Dec/2017:09:34:41 +0800] "GET /vendors/malihu-custom-scrollbar-plugin/jquery.mCustomScrollbar.min.css HTTP/1.1" 404 185
0:0:0:0:0:0:0:1 - - [06/Dec/2017:09:34:41 +0800] "GET /vendors/malihu-custom-scrollbar-plugin/jquery.mCustomScrollbar.concat.min.js HTTP/1.1" 404 191
0:0:0:0:0:0:0:1 - - [06/Dec/2017:09:34:41 +0800] "GET /vendors/Waves/dist/waves.min.js HTTP/1.1" 404 146
0:0:0:0:0:0:0:1 - - [06/Dec/2017:09:34:42 +0800] "GET /vendors/jquery/dist/jquery.min.js HTTP/1.1" 404 148
0:0:0:0:0:0:0:1 - - [06/Dec/2017:09:34:42 +0800] "GET /vendors/bootstrap/dist/js/bootstrap.min.js HTTP/1.1" 404 157
0:0:0:0:0:0:0:1 - - [06/Dec/2017:09:34:42 +0800] "GET /vendors/material-design-iconic-font/dist/css/material-design-iconic-font.min.css HTTP/1.1" 404 195
0:0:0:0:0:0:0:1 - - [06/Dec/2017:09:34:42 +0800] "GET /vendors/Waves/dist/waves.min.js HTTP/1.1" 404 146
0:0:0:0:0:0:0:1 - - [06/Dec/2017:09:34:42 +0800] "GET /vendors/malihu-custom-scrollbar-plugin/jquery.mCustomScrollbar.concat.min.js HTTP/1.1" 404 191
0:0:0:0:0:0:0:1 - - [06/Dec/2017:09:34:42 +0800] "GET /favicon.ico HTTP/1.1" 200 946
0:0:0:0:0:0:0:1 - - [06/Dec/2017:09:34:42 +0800] "GET / HTTP/1.1" 200 2361
0:0:0:0:0:0:0:1 - - [06/Dec/2017:09:34:42 +0800] "GET /vendors/Waves/dist/waves.min.js HTTP/1.1" 404 146
0:0:0:0:0:0:0:1 - - [06/Dec/2017:09:34:42 +0800] "GET /vendors/jquery/dist/jquery.min.js HTTP/1.1" 404 148
0:0:0:0:0:0:0:1 - - [06/Dec/2017:09:34:42 +0800] "GET /vendors/material-design-iconic-font/dist/css/material-design-iconic-font.min.css HTTP/1.1" 404 195
0:0:0:0:0:0:0:1 - - [06/Dec/2017:09:34:42 +0800] "GET /vendors/bootstrap/dist/js/bootstrap.min.js HTTP/1.1" 404 157
0:0:0:0:0:0:0:1 - - [06/Dec/2017:09:34:42 +0800] "GET /vendors/malihu-custom-scrollbar-plugin/jquery.mCustomScrollbar.min.css HTTP/1.1" 404 185
0:0:0:0:0:0:0:1 - - [06/Dec/2017:09:34:42 +0800] "GET /vendors/malihu-custom-scrollbar-plugin/jquery.mCustomScrollbar.concat.min.js HTTP/1.1" 404 191
0:0:0:0:0:0:0:1 - - [06/Dec/2017:09:34:42 +0800] "GET /vendors/bootstrap/dist/js/bootstrap.min.js HTTP/1.1" 404 157
0:0:0:0:0:0:0:1 - - [06/Dec/2017:09:34:42 +0800] "GET /vendors/Waves/dist/waves.min.js HTTP/1.1" 404 146
0:0:0:0:0:0:0:1 - - [06/Dec/2017:09:34:42 +0800] "GET /vendors/malihu-custom-scrollbar-plugin/jquery.mCustomScrollbar.concat.min.js HTTP/1.1" 404 191
0:0:0:0:0:0:0:1 - - [06/Dec/2017:09:34:42 +0800] "GET /favicon.ico HTTP/1.1" 200 946
0:0:0:0:0:0:0:1 - - [06/Dec/2017:09:34:42 +0800] "GET / HTTP/1.1" 200 2361
0:0:0:0:0:0:0:1 - - [06/Dec/2017:09:34:42 +0800] "GET /vendors/bootstrap/dist/js/bootstrap.min.js HTTP/1.1" 404 157
0:0:0:0:0:0:0:1 - - [06/Dec/2017:09:34:42 +0800] "GET /vendors/malihu-custom-scrollbar-plugin/jquery.mCustomScrollbar.concat.min.js HTTP/1.1" 404 191
0:0:0:0:0:0:0:1 - - [06/Dec/2017:09:34:42 +0800] "GET /vendors/malihu-custom-scrollbar-plugin/jquery.mCustomScrollbar.min.css HTTP/1.1" 404 185
0:0:0:0:0:0:0:1 - - [06/Dec/2017:09:34:42 +0800] "GET /vendors/jquery/dist/jquery.min.js HTTP/1.1" 404 148
0:0:0:0:0:0:0:1 - - [06/Dec/2017:09:34:42 +0800] "GET /vendors/material-design-iconic-font/dist/css/material-design-iconic-font.min.css HTTP/1.1" 404 195
0:0:0:0:0:0:0:1 - - [06/Dec/2017:09:34:42 +0800] "GET /vendors/Waves/dist/waves.min.js HTTP/1.1" 404 146
0:0:0:0:0:0:0:1 - - [06/Dec/2017:09:34:42 +0800] "GET /vendors/bootstrap/dist/js/bootstrap.min.js HTTP/1.1" 404 157
0:0:0:0:0:0:0:1 - - [06/Dec/2017:09:34:42 +0800] "GET /vendors/Waves/dist/waves.min.js HTTP/1.1" 404 146
0:0:0:0:0:0:0:1 - - [06/Dec/2017:09:34:42 +0800] "GET /vendors/malihu-custom-scrollbar-plugin/jquery.mCustomScrollbar.concat.min.js HTTP/1.1" 404 191
0:0:0:0:0:0:0:1 - - [06/Dec/2017:09:34:42 +0800] "GET /favicon.ico HTTP/1.1" 200 946
0:0:0:0:0:0:0:1 - - [06/Dec/2017:09:34:42 +0800] "GET / HTTP/1.1" 200 2361
0:0:0:0:0:0:0:1 - - [06/Dec/2017:09:34:42 +0800] "GET /vendors/malihu-custom-scrollbar-plugin/jquery.mCustomScrollbar.min.css HTTP/1.1" 404 185
0:0:0:0:0:0:0:1 - - [06/Dec/2017:09:34:42 +0800] "GET /vendors/material-design-iconic-font/dist/css/material-design-iconic-font.min.css HTTP/1.1" 404 195
0:0:0:0:0:0:0:1 - - [06/Dec/2017:09:34:42 +0800] "GET /vendors/bootstrap/dist/js/bootstrap.min.js HTTP/1.1" 404 157
0:0:0:0:0:0:0:1 - - [06/Dec/2017:09:34:42 +0800] "GET /vendors/jquery/dist/jquery.min.js HTTP/1.1" 404 148
0:0:0:0:0:0:0:1 - - [06/Dec/2017:09:34:42 +0800] "GET /vendors/malihu-custom-scrollbar-plugin/jquery.mCustomScrollbar.concat.min.js HTTP/1.1" 404 191
0:0:0:0:0:0:0:1 - - [06/Dec/2017:09:34:42 +0800] "GET /vendors/Waves/dist/waves.min.js HTTP/1.1" 404 146
0:0:0:0:0:0:0:1 - - [06/Dec/2017:09:34:42 +0800] "GET /vendors/bootstrap/dist/js/bootstrap.min.js HTTP/1.1" 404 157
0:0:0:0:0:0:0:1 - - [06/Dec/2017:09:34:42 +0800] "GET /vendors/Waves/dist/waves.min.js HTTP/1.1" 404 146
0:0:0:0:0:0:0:1 - - [06/Dec/2017:09:34:42 +0800] "GET /vendors/malihu-custom-scrollbar-plugin/jquery.mCustomScrollbar.concat.min.js HTTP/1.1" 404 191
0:0:0:0:0:0:0:1 - - [06/Dec/2017:09:34:42 +0800] "GET /favicon.ico HTTP/1.1" 200 946
0:0:0:0:0:0:0:1 - - [06/Dec/2017:09:34:42 +0800] "GET / HTTP/1.1" 200 2361
0:0:0:0:0:0:0:1 - - [06/Dec/2017:09:34:42 +0800] "GET /vendors/material-design-iconic-font/dist/css/material-design-iconic-font.min.css HTTP/1.1" 404 195
0:0:0:0:0:0:0:1 - - [06/Dec/2017:09:34:42 +0800] "GET /vendors/jquery/dist/jquery.min.js HTTP/1.1" 404 148
0:0:0:0:0:0:0:1 - - [06/Dec/2017:09:34:42 +0800] "GET /vendors/Waves/dist/waves.min.js HTTP/1.1" 404 146
0:0:0:0:0:0:0:1 - - [06/Dec/2017:09:34:42 +0800] "GET /vendors/malihu-custom-scrollbar-plugin/jquery.mCustomScrollbar.min.css HTTP/1.1" 404 185
0:0:0:0:0:0:0:1 - - [06/Dec/2017:09:34:42 +0800] "GET /vendors/malihu-custom-scrollbar-plugin/jquery.mCustomScrollbar.concat.min.js HTTP/1.1" 404 191
0:0:0:0:0:0:0:1 - - [06/Dec/2017:09:34:42 +0800] "GET /vendors/bootstrap/dist/js/bootstrap.min.js HTTP/1.1" 404 157
0:0:0:0:0:0:0:1 - - [06/Dec/2017:09:34:42 +0800] "GET /vendors/Waves/dist/waves.min.js HTTP/1.1" 404 146
0:0:0:0:0:0:0:1 - - [06/Dec/2017:09:34:42 +0800] "GET /vendors/malihu-custom-scrollbar-plugin/jquery.mCustomScrollbar.concat.min.js HTTP/1.1" 404 191
0:0:0:0:0:0:0:1 - - [06/Dec/2017:09:34:42 +0800] "GET /favicon.ico HTTP/1.1" 200 946
0:0:0:0:0:0:0:1 - - [06/Dec/2017:09:34:42 +0800] "GET / HTTP/1.1" 200 2361
0:0:0:0:0:0:0:1 - - [06/Dec/2017:09:34:42 +0800] "GET /vendors/malihu-custom-scrollbar-plugin/jquery.mCustomScrollbar.min.css HTTP/1.1" 404 185
0:0:0:0:0:0:0:1 - - [06/Dec/2017:09:34:42 +0800] "GET /vendors/material-design-iconic-font/dist/css/material-design-iconic-font.min.css HTTP/1.1" 404 195
0:0:0:0:0:0:0:1 - - [06/Dec/2017:09:34:42 +0800] "GET /vendors/Waves/dist/waves.min.js HTTP/1.1" 404 146
0:0:0:0:0:0:0:1 - - [06/Dec/2017:09:34:42 +0800] "GET /vendors/jquery/dist/jquery.min.js HTTP/1.1" 404 148
0:0:0:0:0:0:0:1 - - [06/Dec/2017:09:34:42 +0800] "GET /vendors/malihu-custom-scrollbar-plugin/jquery.mCustomScrollbar.concat.min.js HTTP/1.1" 404 191
0:0:0:0:0:0:0:1 - - [06/Dec/2017:09:34:42 +0800] "GET /vendors/bootstrap/dist/js/bootstrap.min.js HTTP/1.1" 404 157
0:0:0:0:0:0:0:1 - - [06/Dec/2017:09:34:42 +0800] "GET /vendors/Waves/dist/waves.min.js HTTP/1.1" 404 146
0:0:0:0:0:0:0:1 - - [06/Dec/2017:09:34:42 +0800] "GET /vendors/malihu-custom-scrollbar-plugin/jquery.mCustomScrollbar.concat.min.js HTTP/1.1" 404 191
0:0:0:0:0:0:0:1 - - [06/Dec/2017:09:34:42 +0800] "GET /favicon.ico HTTP/1.1" 200 946
0:0:0:0:0:0:0:1 - - [06/Dec/2017:09:34:42 +0800] "GET / HTTP/1.1" 200 2361
0:0:0:0:0:0:0:1 - - [06/Dec/2017:09:34:42 +0800] "GET /vendors/bootstrap/dist/js/bootstrap.min.js HTTP/1.1" 404 157
0:0:0:0:0:0:0:1 - - [06/Dec/2017:09:34:42 +0800] "GET /vendors/Waves/dist/waves.min.js HTTP/1.1" 404 146
0:0:0:0:0:0:0:1 - - [06/Dec/2017:09:34:42 +0800] "GET /vendors/jquery/dist/jquery.min.js HTTP/1.1" 404 148
0:0:0:0:0:0:0:1 - - [06/Dec/2017:09:34:42 +0800] "GET /vendors/malihu-custom-scrollbar-plugin/jquery.mCustomScrollbar.concat.min.js HTTP/1.1" 404 191
0:0:0:0:0:0:0:1 - - [06/Dec/2017:09:34:42 +0800] "GET /vendors/malihu-custom-scrollbar-plugin/jquery.mCustomScrollbar.min.css HTTP/1.1" 404 185
0:0:0:0:0:0:0:1 - - [06/Dec/2017:09:34:42 +0800] "GET /vendors/material-design-iconic-font/dist/css/material-design-iconic-font.min.css HTTP/1.1" 404 195
0:0:0:0:0:0:0:1 - - [06/Dec/2017:09:34:42 +0800] "GET /vendors/bootstrap/dist/js/bootstrap.min.js HTTP/1.1" 404 157
0:0:0:0:0:0:0:1 - - [06/Dec/2017:09:34:42 +0800] "GET /vendors/Waves/dist/waves.min.js HTTP/1.1" 404 146
0:0:0:0:0:0:0:1 - - [06/Dec/2017:09:34:42 +0800] "GET /vendors/malihu-custom-scrollbar-plugin/jquery.mCustomScrollbar.concat.min.js HTTP/1.1" 404 191
0:0:0:0:0:0:0:1 - - [06/Dec/2017:09:34:42 +0800] "GET /favicon.ico HTTP/1.1" 200 946
0:0:0:0:0:0:0:1 - - [06/Dec/2017:09:34:43 +0800] "GET / HTTP/1.1" 200 2361
0:0:0:0:0:0:0:1 - - [06/Dec/2017:09:34:43 +0800] "GET /vendors/material-design-iconic-font/dist/css/material-design-iconic-font.min.css HTTP/1.1" 404 195
0:0:0:0:0:0:0:1 - - [06/Dec/2017:09:34:43 +0800] "GET /vendors/malihu-custom-scrollbar-plugin/jquery.mCustomScrollbar.concat.min.js HTTP/1.1" 404 191
0:0:0:0:0:0:0:1 - - [06/Dec/2017:09:34:43 +0800] "GET /vendors/malihu-custom-scrollbar-plugin/jquery.mCustomScrollbar.min.css HTTP/1.1" 404 185
0:0:0:0:0:0:0:1 - - [06/Dec/2017:09:34:43 +0800] "GET /vendors/Waves/dist/waves.min.js HTTP/1.1" 404 146
0:0:0:0:0:0:0:1 - - [06/Dec/2017:09:34:43 +0800] "GET /vendors/jquery/dist/jquery.min.js HTTP/1.1" 404 148
0:0:0:0:0:0:0:1 - - [06/Dec/2017:09:34:43 +0800] "GET /vendors/bootstrap/dist/js/bootstrap.min.js HTTP/1.1" 404 157
0:0:0:0:0:0:0:1 - - [06/Dec/2017:09:34:43 +0800] "GET /vendors/Waves/dist/waves.min.js HTTP/1.1" 404 146
0:0:0:0:0:0:0:1 - - [06/Dec/2017:09:34:43 +0800] "GET /vendors/malihu-custom-scrollbar-plugin/jquery.mCustomScrollbar.concat.min.js HTTP/1.1" 404 191
0:0:0:0:0:0:0:1 - - [06/Dec/2017:09:34:43 +0800] "GET /favicon.ico HTTP/1.1" 200 946
0:0:0:0:0:0:0:1 - - [06/Dec/2017:09:34:43 +0800] "GET / HTTP/1.1" 200 2361
0:0:0:0:0:0:0:1 - - [06/Dec/2017:09:34:43 +0800] "GET /vendors/material-design-iconic-font/dist/css/material-design-iconic-font.min.css HTTP/1.1" 404 195
0:0:0:0:0:0:0:1 - - [06/Dec/2017:09:34:43 +0800] "GET /vendors/malihu-custom-scrollbar-plugin/jquery.mCustomScrollbar.min.css HTTP/1.1" 404 185
0:0:0:0:0:0:0:1 - - [06/Dec/2017:09:34:43 +0800] "GET /vendors/jquery/dist/jquery.min.js HTTP/1.1" 404 148
0:0:0:0:0:0:0:1 - - [06/Dec/2017:09:34:43 +0800] "GET /vendors/Waves/dist/waves.min.js HTTP/1.1" 404 146
0:0:0:0:0:0:0:1 - - [06/Dec/2017:09:34:43 +0800] "GET /vendors/malihu-custom-scrollbar-plugin/jquery.mCustomScrollbar.concat.min.js HTTP/1.1" 404 191
0:0:0:0:0:0:0:1 - - [06/Dec/2017:09:34:43 +0800] "GET /vendors/bootstrap/dist/js/bootstrap.min.js HTTP/1.1" 404 157
0:0:0:0:0:0:0:1 - - [06/Dec/2017:09:34:43 +0800] "GET /vendors/Waves/dist/waves.min.js HTTP/1.1" 404 146
0:0:0:0:0:0:0:1 - - [06/Dec/2017:09:34:43 +0800] "GET /vendors/malihu-custom-scrollbar-plugin/jquery.mCustomScrollbar.concat.min.js HTTP/1.1" 404 191
0:0:0:0:0:0:0:1 - - [06/Dec/2017:09:34:43 +0800] "GET /favicon.ico HTTP/1.1" 200 946
0:0:0:0:0:0:0:1 - - [06/Dec/2017:09:34:43 +0800] "GET / HTTP/1.1" 200 2361
0:0:0:0:0:0:0:1 - - [06/Dec/2017:09:34:43 +0800] "GET /vendors/material-design-iconic-font/dist/css/material-design-iconic-font.min.css HTTP/1.1" 404 195
0:0:0:0:0:0:0:1 - - [06/Dec/2017:09:34:43 +0800] "GET /vendors/jquery/dist/jquery.min.js HTTP/1.1" 404 148
0:0:0:0:0:0:0:1 - - [06/Dec/2017:09:34:43 +0800] "GET /vendors/malihu-custom-scrollbar-plugin/jquery.mCustomScrollbar.concat.min.js HTTP/1.1" 404 191
0:0:0:0:0:0:0:1 - - [06/Dec/2017:09:34:43 +0800] "GET /vendors/bootstrap/dist/js/bootstrap.min.js HTTP/1.1" 404 157
0:0:0:0:0:0:0:1 - - [06/Dec/2017:09:34:43 +0800] "GET /vendors/malihu-custom-scrollbar-plugin/jquery.mCustomScrollbar.min.css HTTP/1.1" 404 185
0:0:0:0:0:0:0:1 - - [06/Dec/2017:09:34:43 +0800] "GET /vendors/Waves/dist/waves.min.js HTTP/1.1" 404 146
0:0:0:0:0:0:0:1 - - [06/Dec/2017:09:34:43 +0800] "GET /vendors/bootstrap/dist/js/bootstrap.min.js HTTP/1.1" 404 157
0:0:0:0:0:0:0:1 - - [06/Dec/2017:09:34:43 +0800] "GET /vendors/Waves/dist/waves.min.js HTTP/1.1" 404 146
0:0:0:0:0:0:0:1 - - [06/Dec/2017:09:34:43 +0800] "GET /vendors/malihu-custom-scrollbar-plugin/jquery.mCustomScrollbar.concat.min.js HTTP/1.1" 404 191
0:0:0:0:0:0:0:1 - - [06/Dec/2017:09:34:43 +0800] "GET /favicon.ico HTTP/1.1" 200 946
0:0:0:0:0:0:0:1 - - [06/Dec/2017:09:34:59 +0800] "GET / HTTP/1.1" 200 2432
0:0:0:0:0:0:0:1 - - [06/Dec/2017:09:34:59 +0800] "GET /vendors/Waves/dist/waves.min.css HTTP/1.1" 404 147
0:0:0:0:0:0:0:1 - - [06/Dec/2017:09:34:59 +0800] "GET /vendors/material-design-iconic-font/dist/css/material-design-iconic-font.min.css HTTP/1.1" 404 195
0:0:0:0:0:0:0:1 - - [06/Dec/2017:09:34:59 +0800] "GET /vendors/malihu-custom-scrollbar-plugin/jquery.mCustomScrollbar.min.css HTTP/1.1" 404 185
0:0:0:0:0:0:0:1 - - [06/Dec/2017:09:34:59 +0800] "GET /vendors/Waves/dist/waves.min.js HTTP/1.1" 404 146
0:0:0:0:0:0:0:1 - - [06/Dec/2017:09:34:59 +0800] "GET /vendors/bootstrap/dist/js/bootstrap.min.js HTTP/1.1" 404 157
0:0:0:0:0:0:0:1 - - [06/Dec/2017:09:34:59 +0800] "GET /vendors/jquery/dist/jquery.min.js HTTP/1.1" 404 148
0:0:0:0:0:0:0:1 - - [06/Dec/2017:09:34:59 +0800] "GET /vendors/malihu-custom-scrollbar-plugin/jquery.mCustomScrollbar.concat.min.js HTTP/1.1" 404 191
0:0:0:0:0:0:0:1 - - [06/Dec/2017:09:34:59 +0800] "GET /vendors/bootstrap/dist/js/bootstrap.min.js HTTP/1.1" 404 157
0:0:0:0:0:0:0:1 - - [06/Dec/2017:09:34:59 +0800] "GET /vendors/Waves/dist/waves.min.js HTTP/1.1" 404 146
0:0:0:0:0:0:0:1 - - [06/Dec/2017:09:34:59 +0800] "GET /vendors/malihu-custom-scrollbar-plugin/jquery.mCustomScrollbar.concat.min.js HTTP/1.1" 404 191
0:0:0:0:0:0:0:1 - - [06/Dec/2017:09:34:59 +0800] "GET /favicon.ico HTTP/1.1" 200 946
0:0:0:0:0:0:0:1 - - [06/Dec/2017:09:34:59 +0800] "GET / HTTP/1.1" 200 2432
0:0:0:0:0:0:0:1 - - [06/Dec/2017:09:34:59 +0800] "GET /vendors/malihu-custom-scrollbar-plugin/jquery.mCustomScrollbar.min.css HTTP/1.1" 404 185
0:0:0:0:0:0:0:1 - - [06/Dec/2017:09:34:59 +0800] "GET /vendors/material-design-iconic-font/dist/css/material-design-iconic-font.min.css HTTP/1.1" 404 195
0:0:0:0:0:0:0:1 - - [06/Dec/2017:09:34:59 +0800] "GET /vendors/Waves/dist/waves.min.css HTTP/1.1" 404 147
0:0:0:0:0:0:0:1 - - [06/Dec/2017:09:34:59 +0800] "GET /vendors/jquery/dist/jquery.min.js HTTP/1.1" 404 148
0:0:0:0:0:0:0:1 - - [06/Dec/2017:09:34:59 +0800] "GET /vendors/Waves/dist/waves.min.js HTTP/1.1" 404 146
0:0:0:0:0:0:0:1 - - [06/Dec/2017:09:34:59 +0800] "GET /vendors/bootstrap/dist/js/bootstrap.min.js HTTP/1.1" 404 157
0:0:0:0:0:0:0:1 - - [06/Dec/2017:09:34:59 +0800] "GET /vendors/malihu-custom-scrollbar-plugin/jquery.mCustomScrollbar.concat.min.js HTTP/1.1" 404 191
0:0:0:0:0:0:0:1 - - [06/Dec/2017:09:34:59 +0800] "GET /vendors/Waves/dist/waves.min.js HTTP/1.1" 404 146
0:0:0:0:0:0:0:1 - - [06/Dec/2017:09:34:59 +0800] "GET /vendors/malihu-custom-scrollbar-plugin/jquery.mCustomScrollbar.concat.min.js HTTP/1.1" 404 191
0:0:0:0:0:0:0:1 - - [06/Dec/2017:09:34:59 +0800] "GET /favicon.ico HTTP/1.1" 200 946
0:0:0:0:0:0:0:1 - - [06/Dec/2017:09:34:59 +0800] "GET / HTTP/1.1" 200 2432
0:0:0:0:0:0:0:1 - - [06/Dec/2017:09:34:59 +0800] "GET /vendors/jquery/dist/jquery.min.js HTTP/1.1" 404 148
0:0:0:0:0:0:0:1 - - [06/Dec/2017:09:34:59 +0800] "GET /vendors/malihu-custom-scrollbar-plugin/jquery.mCustomScrollbar.min.css HTTP/1.1" 404 185
0:0:0:0:0:0:0:1 - - [06/Dec/2017:09:34:59 +0800] "GET /vendors/malihu-custom-scrollbar-plugin/jquery.mCustomScrollbar.concat.min.js HTTP/1.1" 404 191
0:0:0:0:0:0:0:1 - - [06/Dec/2017:09:34:59 +0800] "GET /vendors/Waves/dist/waves.min.css HTTP/1.1" 404 147
0:0:0:0:0:0:0:1 - - [06/Dec/2017:09:34:59 +0800] "GET /vendors/material-design-iconic-font/dist/css/material-design-iconic-font.min.css HTTP/1.1" 404 195
0:0:0:0:0:0:0:1 - - [06/Dec/2017:09:34:59 +0800] "GET /vendors/bootstrap/dist/js/bootstrap.min.js HTTP/1.1" 404 157
0:0:0:0:0:0:0:1 - - [06/Dec/2017:09:34:59 +0800] "GET /vendors/Waves/dist/waves.min.js HTTP/1.1" 404 146
0:0:0:0:0:0:0:1 - - [06/Dec/2017:09:34:59 +0800] "GET /vendors/Waves/dist/waves.min.js HTTP/1.1" 404 146
0:0:0:0:0:0:0:1 - - [06/Dec/2017:09:34:59 +0800] "GET /vendors/malihu-custom-scrollbar-plugin/jquery.mCustomScrollbar.concat.min.js HTTP/1.1" 404 191
0:0:0:0:0:0:0:1 - - [06/Dec/2017:09:34:59 +0800] "GET /favicon.ico HTTP/1.1" 200 946
0:0:0:0:0:0:0:1 - - [06/Dec/2017:09:34:59 +0800] "GET / HTTP/1.1" 200 2432
0:0:0:0:0:0:0:1 - - [06/Dec/2017:09:35:00 +0800] "GET /vendors/Waves/dist/waves.min.css HTTP/1.1" 404 147
0:0:0:0:0:0:0:1 - - [06/Dec/2017:09:35:00 +0800] "GET /vendors/material-design-iconic-font/dist/css/material-design-iconic-font.min.css HTTP/1.1" 404 195
0:0:0:0:0:0:0:1 - - [06/Dec/2017:09:35:00 +0800] "GET /vendors/malihu-custom-scrollbar-plugin/jquery.mCustomScrollbar.min.css HTTP/1.1" 404 185
0:0:0:0:0:0:0:1 - - [06/Dec/2017:09:35:00 +0800] "GET /vendors/Waves/dist/waves.min.js HTTP/1.1" 404 146
0:0:0:0:0:0:0:1 - - [06/Dec/2017:09:35:00 +0800] "GET /vendors/jquery/dist/jquery.min.js HTTP/1.1" 404 148
0:0:0:0:0:0:0:1 - - [06/Dec/2017:09:35:00 +0800] "GET /vendors/bootstrap/dist/js/bootstrap.min.js HTTP/1.1" 404 157
0:0:0:0:0:0:0:1 - - [06/Dec/2017:09:35:00 +0800] "GET /vendors/malihu-custom-scrollbar-plugin/jquery.mCustomScrollbar.concat.min.js HTTP/1.1" 404 191
0:0:0:0:0:0:0:1 - - [06/Dec/2017:09:35:00 +0800] "GET /vendors/bootstrap/dist/js/bootstrap.min.js HTTP/1.1" 404 157
0:0:0:0:0:0:0:1 - - [06/Dec/2017:09:35:00 +0800] "GET /vendors/Waves/dist/waves.min.js HTTP/1.1" 404 146
0:0:0:0:0:0:0:1 - - [06/Dec/2017:09:35:00 +0800] "GET /vendors/malihu-custom-scrollbar-plugin/jquery.mCustomScrollbar.concat.min.js HTTP/1.1" 404 191
0:0:0:0:0:0:0:1 - - [06/Dec/2017:09:35:00 +0800] "GET /favicon.ico HTTP/1.1" 200 946
0:0:0:0:0:0:0:1 - - [06/Dec/2017:09:35:00 +0800] "GET / HTTP/1.1" 200 2432
0:0:0:0:0:0:0:1 - - [06/Dec/2017:09:35:00 +0800] "GET /vendors/jquery/dist/jquery.min.js HTTP/1.1" 404 148
0:0:0:0:0:0:0:1 - - [06/Dec/2017:09:35:00 +0800] "GET /vendors/malihu-custom-scrollbar-plugin/jquery.mCustomScrollbar.min.css HTTP/1.1" 404 185
0:0:0:0:0:0:0:1 - - [06/Dec/2017:09:35:00 +0800] "GET /vendors/bootstrap/dist/js/bootstrap.min.js HTTP/1.1" 404 157
0:0:0:0:0:0:0:1 - - [06/Dec/2017:09:35:00 +0800] "GET /vendors/material-design-iconic-font/dist/css/material-design-iconic-font.min.css HTTP/1.1" 404 195
0:0:0:0:0:0:0:1 - - [06/Dec/2017:09:35:00 +0800] "GET /vendors/malihu-custom-scrollbar-plugin/jquery.mCustomScrollbar.concat.min.js HTTP/1.1" 404 191
0:0:0:0:0:0:0:1 - - [06/Dec/2017:09:35:00 +0800] "GET /vendors/Waves/dist/waves.min.js HTTP/1.1" 404 146
0:0:0:0:0:0:0:1 - - [06/Dec/2017:09:35:00 +0800] "GET /vendors/Waves/dist/waves.min.css HTTP/1.1" 404 147
0:0:0:0:0:0:0:1 - - [06/Dec/2017:09:35:00 +0800] "GET /vendors/bootstrap/dist/js/bootstrap.min.js HTTP/1.1" 404 157
0:0:0:0:0:0:0:1 - - [06/Dec/2017:09:35:00 +0800] "GET /vendors/Waves/dist/waves.min.js HTTP/1.1" 404 146
0:0:0:0:0:0:0:1 - - [06/Dec/2017:09:35:00 +0800] "GET /vendors/malihu-custom-scrollbar-plugin/jquery.mCustomScrollbar.concat.min.js HTTP/1.1" 404 191
0:0:0:0:0:0:0:1 - - [06/Dec/2017:09:35:00 +0800] "GET /favicon.ico HTTP/1.1" 200 946
0:0:0:0:0:0:0:1 - - [06/Dec/2017:09:35:02 +0800] "GET / HTTP/1.1" 200 2432
0:0:0:0:0:0:0:1 - - [06/Dec/2017:09:35:02 +0800] "GET /vendors/malihu-custom-scrollbar-plugin/jquery.mCustomScrollbar.min.css HTTP/1.1" 404 185
0:0:0:0:0:0:0:1 - - [06/Dec/2017:09:35:02 +0800] "GET /vendors/Waves/dist/waves.min.css HTTP/1.1" 404 147
0:0:0:0:0:0:0:1 - - [06/Dec/2017:09:35:02 +0800] "GET /vendors/malihu-custom-scrollbar-plugin/jquery.mCustomScrollbar.concat.min.js HTTP/1.1" 404 191
0:0:0:0:0:0:0:1 - - [06/Dec/2017:09:35:02 +0800] "GET /vendors/bootstrap/dist/js/bootstrap.min.js HTTP/1.1" 404 157
0:0:0:0:0:0:0:1 - - [06/Dec/2017:09:35:02 +0800] "GET /vendors/Waves/dist/waves.min.js HTTP/1.1" 404 146
0:0:0:0:0:0:0:1 - - [06/Dec/2017:09:35:02 +0800] "GET /vendors/material-design-iconic-font/dist/css/material-design-iconic-font.min.css HTTP/1.1" 404 195
0:0:0:0:0:0:0:1 - - [06/Dec/2017:09:35:02 +0800] "GET /vendors/jquery/dist/jquery.min.js HTTP/1.1" 404 148
0:0:0:0:0:0:0:1 - - [06/Dec/2017:09:35:02 +0800] "GET /vendors/bootstrap/dist/js/bootstrap.min.js HTTP/1.1" 404 157
0:0:0:0:0:0:0:1 - - [06/Dec/2017:09:35:02 +0800] "GET /vendors/Waves/dist/waves.min.js HTTP/1.1" 404 146
0:0:0:0:0:0:0:1 - - [06/Dec/2017:09:35:02 +0800] "GET /vendors/malihu-custom-scrollbar-plugin/jquery.mCustomScrollbar.concat.min.js HTTP/1.1" 404 191
0:0:0:0:0:0:0:1 - - [06/Dec/2017:09:35:06 +0800] "GET / HTTP/1.1" 200 2432
0:0:0:0:0:0:0:1 - - [06/Dec/2017:09:35:06 +0800] "GET /vendors/jquery/dist/jquery.min.js HTTP/1.1" 404 148
0:0:0:0:0:0:0:1 - - [06/Dec/2017:09:35:06 +0800] "GET /vendors/malihu-custom-scrollbar-plugin/jquery.mCustomScrollbar.min.css HTTP/1.1" 404 185
0:0:0:0:0:0:0:1 - - [06/Dec/2017:09:35:06 +0800] "GET /vendors/Waves/dist/waves.min.js HTTP/1.1" 404 146
0:0:0:0:0:0:0:1 - - [06/Dec/2017:09:35:06 +0800] "GET /vendors/bootstrap/dist/js/bootstrap.min.js HTTP/1.1" 404 157
0:0:0:0:0:0:0:1 - - [06/Dec/2017:09:35:06 +0800] "GET /vendors/material-design-iconic-font/dist/css/material-design-iconic-font.min.css HTTP/1.1" 404 195
0:0:0:0:0:0:0:1 - - [06/Dec/2017:09:35:06 +0800] "GET /vendors/Waves/dist/waves.min.css HTTP/1.1" 404 147
0:0:0:0:0:0:0:1 - - [06/Dec/2017:09:35:06 +0800] "GET /vendors/bootstrap/dist/js/bootstrap.min.js HTTP/1.1" 404 157
0:0:0:0:0:0:0:1 - - [06/Dec/2017:09:35:06 +0800] "GET /vendors/malihu-custom-scrollbar-plugin/jquery.mCustomScrollbar.concat.min.js HTTP/1.1" 404 191
0:0:0:0:0:0:0:1 - - [06/Dec/2017:09:35:06 +0800] "GET /vendors/Waves/dist/waves.min.js HTTP/1.1" 404 146
0:0:0:0:0:0:0:1 - - [06/Dec/2017:09:35:06 +0800] "GET /vendors/malihu-custom-scrollbar-plugin/jquery.mCustomScrollbar.concat.min.js HTTP/1.1" 404 191
0:0:0:0:0:0:0:1 - - [06/Dec/2017:09:35:22 +0800] "GET / HTTP/1.1" 200 2505
0:0:0:0:0:0:0:1 - - [06/Dec/2017:09:35:22 +0800] "GET /vendors/material-design-iconic-font/dist/css/material-design-iconic-font.min.css HTTP/1.1" 404 195
0:0:0:0:0:0:0:1 - - [06/Dec/2017:09:35:22 +0800] "GET /vendors/Waves/dist/waves.min.js HTTP/1.1" 404 146
0:0:0:0:0:0:0:1 - - [06/Dec/2017:09:35:22 +0800] "GET /vendors/malihu-custom-scrollbar-plugin/jquery.mCustomScrollbar.concat.min.js HTTP/1.1" 404 191
0:0:0:0:0:0:0:1 - - [06/Dec/2017:09:35:22 +0800] "GET /vendors/Waves/dist/waves.min.css HTTP/1.1" 404 147
0:0:0:0:0:0:0:1 - - [06/Dec/2017:09:35:22 +0800] "GET /vendors/jquery/dist/jquery.min.js HTTP/1.1" 404 148
0:0:0:0:0:0:0:1 - - [06/Dec/2017:09:35:22 +0800] "GET /vendors/bootstrap/dist/js/bootstrap.min.js HTTP/1.1" 404 157
0:0:0:0:0:0:0:1 - - [06/Dec/2017:09:35:22 +0800] "GET /vendors/malihu-custom-scrollbar-plugin/jquery.mCustomScrollbar.min.css HTTP/1.1" 404 185
0:0:0:0:0:0:0:1 - - [06/Dec/2017:09:35:22 +0800] "GET /js/app.min.js HTTP/1.1" 304 -
0:0:0:0:0:0:0:1 - - [06/Dec/2017:09:35:22 +0800] "GET /css/app_1.min.css HTTP/1.1" 304 -
0:0:0:0:0:0:0:1 - - [06/Dec/2017:09:35:22 +0800] "GET /vendors/bootstrap/dist/js/bootstrap.min.js HTTP/1.1" 404 157
0:0:0:0:0:0:0:1 - - [06/Dec/2017:09:35:22 +0800] "GET /fonts/roboto/Roboto-Regular-webfont.woff HTTP/1.1" 404 155
0:0:0:0:0:0:0:1 - - [06/Dec/2017:09:35:23 +0800] "GET /fonts/roboto/Roboto-Regular-webfont.ttf HTTP/1.1" 404 154
0:0:0:0:0:0:0:1 - - [06/Dec/2017:09:35:23 +0800] "GET /vendors/Waves/dist/waves.min.js HTTP/1.1" 404 146
0:0:0:0:0:0:0:1 - - [06/Dec/2017:09:35:23 +0800] "GET /vendors/malihu-custom-scrollbar-plugin/jquery.mCustomScrollbar.concat.min.js HTTP/1.1" 404 191
0:0:0:0:0:0:0:1 - - [06/Dec/2017:09:35:23 +0800] "GET /favicon.ico HTTP/1.1" 200 946
0:0:0:0:0:0:0:1 - - [06/Dec/2017:09:35:36 +0800] "GET / HTTP/1.1" 200 2210
0:0:0:0:0:0:0:1 - - [06/Dec/2017:09:35:36 +0800] "GET /vendors/Waves/dist/waves.min.js HTTP/1.1" 404 146
0:0:0:0:0:0:0:1 - - [06/Dec/2017:09:35:36 +0800] "GET /vendors/jquery/dist/jquery.min.js HTTP/1.1" 404 148
0:0:0:0:0:0:0:1 - - [06/Dec/2017:09:35:36 +0800] "GET /vendors/malihu-custom-scrollbar-plugin/jquery.mCustomScrollbar.concat.min.js HTTP/1.1" 404 191
0:0:0:0:0:0:0:1 - - [06/Dec/2017:09:35:36 +0800] "GET /vendors/bootstrap/dist/js/bootstrap.min.js HTTP/1.1" 404 157
0:0:0:0:0:0:0:1 - - [06/Dec/2017:09:35:36 +0800] "GET /vendors/Waves/dist/waves.min.js HTTP/1.1" 404 146
0:0:0:0:0:0:0:1 - - [06/Dec/2017:09:35:36 +0800] "GET /fonts/roboto/Roboto-Regular-webfont.woff HTTP/1.1" 404 155
0:0:0:0:0:0:0:1 - - [06/Dec/2017:09:35:36 +0800] "GET /vendors/malihu-custom-scrollbar-plugin/jquery.mCustomScrollbar.concat.min.js HTTP/1.1" 404 191
0:0:0:0:0:0:0:1 - - [06/Dec/2017:09:35:36 +0800] "GET /fonts/roboto/Roboto-Regular-webfont.ttf HTTP/1.1" 404 154
0:0:0:0:0:0:0:1 - - [06/Dec/2017:09:35:36 +0800] "GET /favicon.ico HTTP/1.1" 200 946
0:0:0:0:0:0:0:1 - - [06/Dec/2017:09:35:36 +0800] "GET / HTTP/1.1" 200 2210
0:0:0:0:0:0:0:1 - - [06/Dec/2017:09:35:36 +0800] "GET /vendors/bootstrap/dist/js/bootstrap.min.js HTTP/1.1" 404 157
0:0:0:0:0:0:0:1 - - [06/Dec/2017:09:35:36 +0800] "GET /vendors/Waves/dist/waves.min.js HTTP/1.1" 404 146
0:0:0:0:0:0:0:1 - - [06/Dec/2017:09:35:36 +0800] "GET /vendors/jquery/dist/jquery.min.js HTTP/1.1" 404 148
0:0:0:0:0:0:0:1 - - [06/Dec/2017:09:35:36 +0800] "GET /vendors/malihu-custom-scrollbar-plugin/jquery.mCustomScrollbar.concat.min.js HTTP/1.1" 404 191
0:0:0:0:0:0:0:1 - - [06/Dec/2017:09:35:36 +0800] "GET /vendors/bootstrap/dist/js/bootstrap.min.js HTTP/1.1" 404 157
0:0:0:0:0:0:0:1 - - [06/Dec/2017:09:35:36 +0800] "GET /fonts/roboto/Roboto-Regular-webfont.woff HTTP/1.1" 404 155
0:0:0:0:0:0:0:1 - - [06/Dec/2017:09:35:36 +0800] "GET /vendors/Waves/dist/waves.min.js HTTP/1.1" 404 146
0:0:0:0:0:0:0:1 - - [06/Dec/2017:09:35:36 +0800] "GET /fonts/roboto/Roboto-Regular-webfont.ttf HTTP/1.1" 404 154
0:0:0:0:0:0:0:1 - - [06/Dec/2017:09:35:36 +0800] "GET /vendors/malihu-custom-scrollbar-plugin/jquery.mCustomScrollbar.concat.min.js HTTP/1.1" 404 191
0:0:0:0:0:0:0:1 - - [06/Dec/2017:09:35:36 +0800] "GET /favicon.ico HTTP/1.1" 200 946
0:0:0:0:0:0:0:1 - - [06/Dec/2017:09:35:36 +0800] "GET / HTTP/1.1" 200 2210
0:0:0:0:0:0:0:1 - - [06/Dec/2017:09:35:36 +0800] "GET /vendors/jquery/dist/jquery.min.js HTTP/1.1" 404 148
0:0:0:0:0:0:0:1 - - [06/Dec/2017:09:35:36 +0800] "GET /vendors/malihu-custom-scrollbar-plugin/jquery.mCustomScrollbar.concat.min.js HTTP/1.1" 404 191
0:0:0:0:0:0:0:1 - - [06/Dec/2017:09:35:36 +0800] "GET /vendors/Waves/dist/waves.min.js HTTP/1.1" 404 146
0:0:0:0:0:0:0:1 - - [06/Dec/2017:09:35:36 +0800] "GET /vendors/bootstrap/dist/js/bootstrap.min.js HTTP/1.1" 404 157
0:0:0:0:0:0:0:1 - - [06/Dec/2017:09:35:36 +0800] "GET /vendors/Waves/dist/waves.min.js HTTP/1.1" 404 146
0:0:0:0:0:0:0:1 - - [06/Dec/2017:09:35:36 +0800] "GET /fonts/roboto/Roboto-Regular-webfont.woff HTTP/1.1" 404 155
0:0:0:0:0:0:0:1 - - [06/Dec/2017:09:35:36 +0800] "GET /vendors/malihu-custom-scrollbar-plugin/jquery.mCustomScrollbar.concat.min.js HTTP/1.1" 404 191
0:0:0:0:0:0:0:1 - - [06/Dec/2017:09:35:36 +0800] "GET /fonts/roboto/Roboto-Regular-webfont.ttf HTTP/1.1" 404 154
0:0:0:0:0:0:0:1 - - [06/Dec/2017:09:35:36 +0800] "GET /favicon.ico HTTP/1.1" 200 946
0:0:0:0:0:0:0:1 - - [06/Dec/2017:09:35:36 +0800] "GET / HTTP/1.1" 200 2210
0:0:0:0:0:0:0:1 - - [06/Dec/2017:09:35:36 +0800] "GET /vendors/jquery/dist/jquery.min.js HTTP/1.1" 404 148
0:0:0:0:0:0:0:1 - - [06/Dec/2017:09:35:36 +0800] "GET /vendors/malihu-custom-scrollbar-plugin/jquery.mCustomScrollbar.concat.min.js HTTP/1.1" 404 191
0:0:0:0:0:0:0:1 - - [06/Dec/2017:09:35:36 +0800] "GET /vendors/bootstrap/dist/js/bootstrap.min.js HTTP/1.1" 404 157
0:0:0:0:0:0:0:1 - - [06/Dec/2017:09:35:36 +0800] "GET /vendors/Waves/dist/waves.min.js HTTP/1.1" 404 146
0:0:0:0:0:0:0:1 - - [06/Dec/2017:09:35:36 +0800] "GET /vendors/malihu-custom-scrollbar-plugin/jquery.mCustomScrollbar.concat.min.js HTTP/1.1" 404 191
0:0:0:0:0:0:0:1 - - [06/Dec/2017:09:35:36 +0800] "GET /fonts/roboto/Roboto-Regular-webfont.woff HTTP/1.1" 404 155
0:0:0:0:0:0:0:1 - - [06/Dec/2017:09:35:36 +0800] "GET /fonts/roboto/Roboto-Regular-webfont.ttf HTTP/1.1" 404 154
0:0:0:0:0:0:0:1 - - [06/Dec/2017:09:35:36 +0800] "GET /favicon.ico HTTP/1.1" 200 946
0:0:0:0:0:0:0:1 - - [06/Dec/2017:09:35:36 +0800] "GET / HTTP/1.1" 200 2210
0:0:0:0:0:0:0:1 - - [06/Dec/2017:09:35:36 +0800] "GET /vendors/jquery/dist/jquery.min.js HTTP/1.1" 404 148
0:0:0:0:0:0:0:1 - - [06/Dec/2017:09:35:36 +0800] "GET /vendors/malihu-custom-scrollbar-plugin/jquery.mCustomScrollbar.concat.min.js HTTP/1.1" 404 191
0:0:0:0:0:0:0:1 - - [06/Dec/2017:09:35:36 +0800] "GET /vendors/bootstrap/dist/js/bootstrap.min.js HTTP/1.1" 404 157
0:0:0:0:0:0:0:1 - - [06/Dec/2017:09:35:36 +0800] "GET /vendors/Waves/dist/waves.min.js HTTP/1.1" 404 146
0:0:0:0:0:0:0:1 - - [06/Dec/2017:09:35:36 +0800] "GET /vendors/malihu-custom-scrollbar-plugin/jquery.mCustomScrollbar.concat.min.js HTTP/1.1" 404 191
0:0:0:0:0:0:0:1 - - [06/Dec/2017:09:35:36 +0800] "GET /fonts/roboto/Roboto-Regular-webfont.woff HTTP/1.1" 404 155
0:0:0:0:0:0:0:1 - - [06/Dec/2017:09:35:36 +0800] "GET /fonts/roboto/Roboto-Regular-webfont.ttf HTTP/1.1" 404 154
0:0:0:0:0:0:0:1 - - [06/Dec/2017:09:35:36 +0800] "GET /favicon.ico HTTP/1.1" 200 946
0:0:0:0:0:0:0:1 - - [06/Dec/2017:09:36:28 +0800] "GET / HTTP/1.1" 200 2505
0:0:0:0:0:0:0:1 - - [06/Dec/2017:09:36:28 +0800] "GET /vendors/material-design-iconic-font/dist/css/material-design-iconic-font.min.css HTTP/1.1" 404 195
0:0:0:0:0:0:0:1 - - [06/Dec/2017:09:36:28 +0800] "GET /vendors/Waves/dist/waves.min.css HTTP/1.1" 404 147
0:0:0:0:0:0:0:1 - - [06/Dec/2017:09:36:28 +0800] "GET /vendors/bootstrap/dist/js/bootstrap.min.js HTTP/1.1" 404 157
0:0:0:0:0:0:0:1 - - [06/Dec/2017:09:36:28 +0800] "GET /vendors/malihu-custom-scrollbar-plugin/jquery.mCustomScrollbar.min.css HTTP/1.1" 404 185
0:0:0:0:0:0:0:1 - - [06/Dec/2017:09:36:28 +0800] "GET /vendors/Waves/dist/waves.min.js HTTP/1.1" 404 146
0:0:0:0:0:0:0:1 - - [06/Dec/2017:09:36:28 +0800] "GET /vendors/jquery/dist/jquery.min.js HTTP/1.1" 404 148
0:0:0:0:0:0:0:1 - - [06/Dec/2017:09:36:28 +0800] "GET /vendors/bootstrap/dist/js/bootstrap.min.js HTTP/1.1" 404 157
0:0:0:0:0:0:0:1 - - [06/Dec/2017:09:36:28 +0800] "GET /vendors/malihu-custom-scrollbar-plugin/jquery.mCustomScrollbar.concat.min.js HTTP/1.1" 404 191
0:0:0:0:0:0:0:1 - - [06/Dec/2017:09:36:28 +0800] "GET /fonts/roboto/Roboto-Regular-webfont.woff HTTP/1.1" 404 155
0:0:0:0:0:0:0:1 - - [06/Dec/2017:09:36:28 +0800] "GET /fonts/roboto/Roboto-Regular-webfont.ttf HTTP/1.1" 404 154
0:0:0:0:0:0:0:1 - - [06/Dec/2017:09:36:28 +0800] "GET /vendors/Waves/dist/waves.min.js HTTP/1.1" 404 146
0:0:0:0:0:0:0:1 - - [06/Dec/2017:09:36:28 +0800] "GET /vendors/malihu-custom-scrollbar-plugin/jquery.mCustomScrollbar.concat.min.js HTTP/1.1" 404 191
0:0:0:0:0:0:0:1 - - [06/Dec/2017:09:36:31 +0800] "GET / HTTP/1.1" 200 2505
0:0:0:0:0:0:0:1 - - [06/Dec/2017:09:36:31 +0800] "GET /vendors/Waves/dist/waves.min.css HTTP/1.1" 404 147
0:0:0:0:0:0:0:1 - - [06/Dec/2017:09:36:31 +0800] "GET /vendors/material-design-iconic-font/dist/css/material-design-iconic-font.min.css HTTP/1.1" 404 195
0:0:0:0:0:0:0:1 - - [06/Dec/2017:09:36:31 +0800] "GET /vendors/malihu-custom-scrollbar-plugin/jquery.mCustomScrollbar.concat.min.js HTTP/1.1" 404 191
0:0:0:0:0:0:0:1 - - [06/Dec/2017:09:36:31 +0800] "GET /vendors/bootstrap/dist/js/bootstrap.min.js HTTP/1.1" 404 157
0:0:0:0:0:0:0:1 - - [06/Dec/2017:09:36:31 +0800] "GET /vendors/Waves/dist/waves.min.js HTTP/1.1" 404 146
0:0:0:0:0:0:0:1 - - [06/Dec/2017:09:36:31 +0800] "GET /vendors/jquery/dist/jquery.min.js HTTP/1.1" 404 148
0:0:0:0:0:0:0:1 - - [06/Dec/2017:09:36:31 +0800] "GET /vendors/malihu-custom-scrollbar-plugin/jquery.mCustomScrollbar.min.css HTTP/1.1" 404 185
0:0:0:0:0:0:0:1 - - [06/Dec/2017:09:36:31 +0800] "GET /vendors/bootstrap/dist/js/bootstrap.min.js HTTP/1.1" 404 157
0:0:0:0:0:0:0:1 - - [06/Dec/2017:09:36:31 +0800] "GET /vendors/Waves/dist/waves.min.js HTTP/1.1" 404 146
0:0:0:0:0:0:0:1 - - [06/Dec/2017:09:36:31 +0800] "GET /fonts/roboto/Roboto-Regular-webfont.woff HTTP/1.1" 404 155
0:0:0:0:0:0:0:1 - - [06/Dec/2017:09:36:31 +0800] "GET /vendors/malihu-custom-scrollbar-plugin/jquery.mCustomScrollbar.concat.min.js HTTP/1.1" 404 191
0:0:0:0:0:0:0:1 - - [06/Dec/2017:09:36:31 +0800] "GET /fonts/roboto/Roboto-Regular-webfont.ttf HTTP/1.1" 404 154
0:0:0:0:0:0:0:1 - - [06/Dec/2017:10:20:12 +0800] "GET / HTTP/1.1" 200 2206
0:0:0:0:0:0:0:1 - - [06/Dec/2017:10:20:12 +0800] "GET /vendors/jquery/dist/jquery.min.js HTTP/1.1" 404 148
0:0:0:0:0:0:0:1 - - [06/Dec/2017:10:20:12 +0800] "GET /vendors/bootstrap/dist/js/bootstrap.min.js HTTP/1.1" 404 157
0:0:0:0:0:0:0:1 - - [06/Dec/2017:10:20:12 +0800] "GET /vendors/malihu-custom-scrollbar-plugin/jquery.mCustomScrollbar.concat.min.js HTTP/1.1" 404 191
0:0:0:0:0:0:0:1 - - [06/Dec/2017:10:20:12 +0800] "GET /js/app.min.js HTTP/1.1" 304 -
0:0:0:0:0:0:0:1 - - [06/Dec/2017:10:20:12 +0800] "GET /css/app_1.min.css HTTP/1.1" 304 -
0:0:0:0:0:0:0:1 - - [06/Dec/2017:10:20:12 +0800] "GET /vendors/Waves/dist/waves.min.js HTTP/1.1" 404 146
0:0:0:0:0:0:0:1 - - [06/Dec/2017:10:20:12 +0800] "GET /vendors/bootstrap/dist/js/bootstrap.min.js HTTP/1.1" 404 157
0:0:0:0:0:0:0:1 - - [06/Dec/2017:10:20:12 +0800] "GET /fonts/roboto/Roboto-Regular-webfont.woff HTTP/1.1" 404 155
0:0:0:0:0:0:0:1 - - [06/Dec/2017:10:20:12 +0800] "GET /fonts/roboto/Roboto-Regular-webfont.ttf HTTP/1.1" 404 154
0:0:0:0:0:0:0:1 - - [06/Dec/2017:10:20:12 +0800] "GET /vendors/Waves/dist/waves.min.js HTTP/1.1" 404 146
0:0:0:0:0:0:0:1 - - [06/Dec/2017:10:20:12 +0800] "GET /vendors/malihu-custom-scrollbar-plugin/jquery.mCustomScrollbar.concat.min.js HTTP/1.1" 404 191
0:0:0:0:0:0:0:1 - - [06/Dec/2017:10:20:12 +0800] "GET /favicon.ico HTTP/1.1" 200 946
